# BEAST v1.10.5 Prerelease #23570d1
# Generated Tue Sep 13 11:31:08 CEST 2022 [seed=1663061462585]
# Iota_DTA.xml
state	joint	prior	likelihood	location.clock.rate	location.meanRate	location.rates.NYC_counties.other	location.rates.other.NYC_counties	location.indicators.NYC_counties.other	location.indicators.other.NYC_counties	location.nonZeroRates	location.branchRates	location.treeLikelihood
0	-5559.182055993301	-1239.900323929595	-4319.281732063706	1.0	1.0	1.0	1.0	1.0	1.0	2.0	0.0	-4319.281732063706
1000	-4893.357030571362	-721.7585295808576	-4171.598500990504	0.580927281362604	0.5809272813626069	2.8791220335515297	0.5638519193024597	1.0	1.0	2.0	0.0	-4171.598500990504
2000	-4894.297595193223	-699.5424619021227	-4194.755133291101	0.5637285496527724	0.5637285496527688	2.1459358506203223	0.408594974915755	1.0	1.0	2.0	0.0	-4194.755133291101
3000	-4891.248332129973	-736.1225449541773	-4155.125787175796	0.5939845724010613	0.593984572401057	1.351593449486322	0.263740205678489	1.0	1.0	2.0	0.0	-4155.125787175796
4000	-4891.096140492028	-760.5688854546622	-4130.527255037366	0.6143444737590371	0.6143444737590308	0.6862732799031961	0.12864293676947836	1.0	1.0	2.0	0.0	-4130.527255037366
5000	-4890.111954718332	-742.9737252435193	-4147.138229474813	0.6007540373879993	0.6007540373879994	0.05994320682867452	0.012211215565396614	1.0	1.0	2.0	0.0	-4147.138229474813
6000	-4891.042350585052	-733.7007856545667	-4157.341564930485	0.5925790549985692	0.592579054998566	0.7795689086761761	0.15690140685115694	1.0	1.0	2.0	0.0	-4157.341564930485
7000	-4891.243012956883	-725.3888645660054	-4165.8541483908775	0.5856892178875526	0.585689217887555	0.9838468969625028	0.18440786612167134	1.0	1.0	2.0	0.0	-4165.8541483908775
8000	-4893.785093852256	-682.2310061786021	-4211.554087673654	0.5517623985459815	0.5517623985459842	0.0680654598544256	0.014142943680305034	1.0	1.0	2.0	0.0	-4211.554087673654
9000	-4894.038675293998	-739.3631144515002	-4154.675560842497	0.5945382092723493	0.5945382092723488	3.467445842180441	0.701926938448434	1.0	1.0	2.0	0.0	-4154.675560842497
10000	-4892.474149691041	-748.1716485134825	-4144.302501177559	0.6033355256018557	0.603335525601853	1.726898946529052	0.34206514460889526	1.0	1.0	2.0	0.0	-4144.302501177559
11000	-4891.542706691801	-733.8067748972472	-4157.735931794554	0.592261585130333	0.5922615851303303	1.1917580762538416	0.24437679075231605	1.0	1.0	2.0	0.0	-4157.735931794554
12000	-4891.918616632968	-735.9801407534784	-4155.9384758794895	0.5941932969663324	0.5941932969663302	1.0257676556847342	0.188335501146413	1.0	1.0	2.0	0.0	-4155.9384758794895
13000	-4893.045378319873	-761.1042988403759	-4131.941079479497	0.6139982095578357	0.6139982095578371	1.5171548085691395	0.2625458749142221	1.0	1.0	2.0	0.0	-4131.941079479497
14000	-4891.872600041496	-731.968674437483	-4159.903925604013	0.5906762563594659	0.590676256359462	1.3212901777363173	0.24261733866209104	1.0	1.0	2.0	0.0	-4159.903925604013
15000	-4893.115276597638	-746.853375352082	-4146.261901245555	0.6018800485015896	0.6018800485015923	2.1086322926108436	0.44688757195367357	1.0	1.0	2.0	0.0	-4146.261901245555
16000	-4893.5315512800635	-754.8336281431081	-4138.697923136955	0.6078545996392383	0.6078545996392382	2.5842836473311652	0.5429108410645697	1.0	1.0	2.0	0.0	-4138.697923136955
17000	-4894.436329940448	-744.0872540911714	-4150.349075849276	0.600219532330964	0.6002195323309653	1.501367524106825	0.3471172920966327	1.0	1.0	2.0	0.0	-4150.349075849276
18000	-4890.930978490005	-756.5208856884915	-4134.410092801514	0.61100492274826	0.6110049227482606	0.7586377847767695	0.14936204909858938	1.0	1.0	2.0	0.0	-4134.410092801514
19000	-4894.123234896555	-734.2546768274259	-4159.868558069129	0.5916667302278126	0.5916667302278091	2.1548025662011185	0.4668784413552696	1.0	1.0	2.0	0.0	-4159.868558069129
20000	-4892.388913110702	-738.6738070584743	-4153.715106052227	0.5951951979288144	0.5951951979288143	2.2324027355842886	0.4329727738367585	1.0	1.0	2.0	0.0	-4153.715106052227
21000	-4892.77243236764	-704.5340044901105	-4188.23842787753	0.5684850938888226	0.5684850938888181	1.358532933535869	0.28904913950835825	1.0	1.0	2.0	0.0	-4188.23842787753
22000	-4893.44448658672	-709.4245666033688	-4184.019919983351	0.5725875667983583	0.5725875667983586	1.2265559015934413	0.2242252969683012	1.0	1.0	2.0	0.0	-4184.019919983351
23000	-4892.477119805671	-764.6505251375081	-4127.826594668162	0.6171658440307111	0.617165844030716	1.1555199996384797	0.2425143802654874	1.0	1.0	2.0	0.0	-4127.826594668162
24000	-4893.266553334009	-754.8539115103298	-4138.412641823679	0.6085364307775246	0.6085364307775188	1.941458109393338	0.3605368447790097	1.0	1.0	2.0	0.0	-4138.412641823679
25000	-4893.577696655665	-689.6826359904165	-4203.895060665249	0.5576742005787347	0.5576742005787276	0.17162849857329168	0.03100005031450481	1.0	1.0	2.0	0.0	-4203.895060665249
26000	-4893.012958715596	-749.9633083984169	-4143.049650317179	0.6038159865123707	0.6038159865123703	2.744432573451522	0.5204081900815779	1.0	1.0	2.0	0.0	-4143.049650317179
27000	-4892.2761709767965	-740.1524253949376	-4152.123745581859	0.5972381405371489	0.5972381405371479	1.3653379303163917	0.24533651201332193	1.0	1.0	2.0	0.0	-4152.123745581859
28000	-4891.354456657168	-730.7346183213534	-4160.619838335815	0.5898700366853128	0.5898700366853055	1.1209403721824687	0.20865808052237936	1.0	1.0	2.0	0.0	-4160.619838335815
29000	-4896.773050431995	-739.8244069384415	-4156.948643493553	0.5941184111135901	0.5941184111135909	4.405085874805976	0.7461447289271855	1.0	1.0	2.0	0.0	-4156.948643493553
30000	-4892.7393889472	-741.6653631973498	-4151.07402574985	0.5975782355428187	0.597578235542814	2.2844077275250223	0.41747553142772115	1.0	1.0	2.0	0.0	-4151.07402574985
31000	-4892.754169604451	-770.8990009887196	-4121.855168615732	0.62199692743812	0.621996927438125	1.4078064461816457	0.24814624632721932	1.0	1.0	2.0	0.0	-4121.855168615732
32000	-4894.306497249613	-714.8510304044172	-4179.455466845196	0.5756828618193698	0.5756828618193675	2.525911051571514	0.5129613627591062	1.0	1.0	2.0	0.0	-4179.455466845196
33000	-4892.055049322437	-693.2869190821905	-4198.768130240247	0.5605155520093625	0.5605155520093544	0.2377117158539251	0.04566778896778277	1.0	1.0	2.0	0.0	-4198.768130240247
34000	-4892.86506107927	-763.8199389850707	-4129.0451220941995	0.616679859962941	0.616679859962938	1.0005261236953389	0.16954545565374046	1.0	1.0	2.0	0.0	-4129.0451220941995
35000	-4892.225604956551	-720.573416783327	-4171.652188173224	0.5817345324026174	0.5817345324026199	1.0336752377659202	0.2231494087437503	1.0	1.0	2.0	0.0	-4171.652188173224
36000	-4891.429549953249	-711.330969785217	-4180.098580168032	0.575065737781225	0.5750657377812253	0.23895551732406262	0.045130149060514047	1.0	1.0	2.0	0.0	-4180.098580168032
37000	-4894.168140277112	-785.8312953246239	-4108.336844952488	0.633529843165886	0.6335298431658806	1.9049119734334792	0.38260695308370773	1.0	1.0	2.0	0.0	-4108.336844952488
38000	-4893.076864854926	-770.355553020101	-4122.7213118348245	0.6209982793241808	0.6209982793241784	1.9601551846805494	0.39067362922328003	1.0	1.0	2.0	0.0	-4122.7213118348245
39000	-4891.948132863675	-743.8798691492983	-4148.068263714376	0.6004960656400846	0.6004960656400831	1.100858123782103	0.1973324948305211	1.0	1.0	2.0	0.0	-4148.068263714376
40000	-4895.640358114103	-741.121204835786	-4154.519153278317	0.5972801181703492	0.5972801181703452	2.081021575348806	0.4463786541089917	1.0	1.0	2.0	0.0	-4154.519153278317
41000	-4892.099963507163	-738.2595872309047	-4153.840376276258	0.5951802965557048	0.5951802965557093	1.889183167292693	0.3804507535428294	1.0	1.0	2.0	0.0	-4153.840376276258
42000	-4891.773453030335	-755.7588114192636	-4136.014641611071	0.6103024304549215	0.6103024304549165	0.8419799306088128	0.175046415377504	1.0	1.0	2.0	0.0	-4136.014641611071
43000	-4893.187082133799	-788.3172753880391	-4104.86980674576	0.6371829669055805	0.6371829669055771	0.2064228815153071	0.037265202254161356	1.0	1.0	2.0	0.0	-4104.86980674576
44000	-4895.230529198018	-792.8665110581394	-4102.364018139879	0.6398328847950581	0.6398328847950548	1.2758054729935204	0.23127575265353179	1.0	1.0	2.0	0.0	-4102.364018139879
45000	-4891.904063179483	-741.3128990730914	-4150.591164106392	0.5979485845157005	0.5979485845156897	1.5841164059075363	0.30605801341619826	1.0	1.0	2.0	0.0	-4150.591164106392
46000	-4892.660133071863	-719.6934829577169	-4172.966650114146	0.5809571140109023	0.5809571140108987	1.1363292664973952	0.20460389104769902	1.0	1.0	2.0	0.0	-4172.966650114146
47000	-4893.470803747825	-739.6872785992331	-4153.783525148592	0.5955993945318179	0.5955993945318201	2.6690183134450893	0.5086105207144759	1.0	1.0	2.0	0.0	-4153.783525148592
48000	-4891.422524811378	-710.5003503550868	-4180.922174456291	0.5740402943922442	0.5740402943922375	0.6061444470719637	0.11893943767016382	1.0	1.0	2.0	0.0	-4180.922174456291
49000	-4894.0752567165355	-709.8754928889331	-4184.1997638276025	0.5720728686647877	0.5720728686647855	2.1246163973538885	0.4153525657395073	1.0	1.0	2.0	0.0	-4184.1997638276025
50000	-4892.231333164448	-755.2532452556225	-4136.978087908826	0.6092860883817448	0.6092860883817441	1.472149790463289	0.2995906916421747	1.0	1.0	2.0	0.0	-4136.978087908826
51000	-4892.118968488388	-715.9282074062207	-4176.190761082167	0.5781399270408919	0.5781399270408843	0.8876197993440665	0.18151491426265118	1.0	1.0	2.0	0.0	-4176.190761082167
52000	-4892.093233697568	-744.9201484665901	-4147.173085230978	0.6012428105660063	0.6012428105660055	1.2017946622008633	0.21069062053082535	1.0	1.0	2.0	0.0	-4147.173085230978
53000	-4894.431800105737	-748.3009067353044	-4146.130893370433	0.6032765321772173	0.6032765321772139	1.868145247217572	0.4032303686993162	1.0	1.0	2.0	0.0	-4146.130893370433
54000	-4891.829509048596	-713.0561892674763	-4178.77331978112	0.5754176107924714	0.5754176107924666	1.3047371603185813	0.26822254015516855	1.0	1.0	2.0	0.0	-4178.77331978112
55000	-4891.349954226305	-724.7705456778838	-4166.579408548421	0.5853049072015288	0.585304907201522	0.8487054359750379	0.1777948652556984	1.0	1.0	2.0	0.0	-4166.579408548421
56000	-4891.53523954887	-729.7305289303953	-4161.804710618475	0.5890597393977086	0.589059739397709	1.1125013426913228	0.21781212859303023	1.0	1.0	2.0	0.0	-4161.804710618475
57000	-4890.455386283146	-727.5607862134531	-4162.894600069693	0.5878602798956171	0.5878602798956156	0.5443091141959453	0.10364611390579762	1.0	1.0	2.0	0.0	-4162.894600069693
58000	-4893.3245229215845	-733.3465654560513	-4159.977957465533	0.5910436113168909	0.5910436113168918	2.04301215080707	0.4432507547505249	1.0	1.0	2.0	0.0	-4159.977957465533
59000	-4892.919144606164	-719.1773320375149	-4173.741812568649	0.5797584046062596	0.5797584046062543	1.9290255364287836	0.38222523890453075	1.0	1.0	2.0	0.0	-4173.741812568649
60000	-4894.673228435804	-697.1405173999666	-4197.532711035838	0.5617683952205745	0.5617683952205791	2.148928105497744	0.434415186354858	1.0	1.0	2.0	0.0	-4197.532711035838
61000	-4893.04677813953	-727.7428535530782	-4165.303924586452	0.5861357174696797	0.586135717469677	2.4566384698229085	0.5119237902477537	1.0	1.0	2.0	0.0	-4165.303924586452
62000	-4893.761765694378	-724.9824086248263	-4168.779357069551	0.584013571734114	0.5840135717341134	2.3280009546451055	0.5116842863952492	1.0	1.0	2.0	0.0	-4168.779357069551
63000	-4894.1794399832215	-760.7692084317404	-4133.410231551481	0.6140849978449135	0.6140849978449098	1.1016305505102493	0.23536136330450408	1.0	1.0	2.0	0.0	-4133.410231551481
64000	-4897.04228677771	-788.4937435295648	-4108.548543248145	0.6343064748400691	0.63430647484007	3.403784161507318	0.583171602637236	1.0	1.0	2.0	0.0	-4108.548543248145
65000	-4890.899935457368	-737.215843587683	-4153.684091869685	0.5954276679162384	0.5954276679162356	0.7679157185151076	0.15122520925372407	1.0	1.0	2.0	0.0	-4153.684091869685
66000	-4894.516581250327	-741.9873823012741	-4152.529198949053	0.5978944350105965	0.5978944350105926	2.170877615201827	0.46092715959256586	1.0	1.0	2.0	0.0	-4152.529198949053
67000	-4898.424637426843	-731.3436540075141	-4167.080983419329	0.5885586624538008	0.5885586624538004	2.864934485939075	0.6998620676563163	1.0	1.0	2.0	0.0	-4167.080983419329
68000	-4893.8115480861115	-745.7394007545879	-4148.072147331523	0.6006234556209962	0.6006234556210012	2.4934748377808176	0.5062801820529927	1.0	1.0	2.0	0.0	-4148.072147331523
69000	-4892.93194574529	-707.2802453314396	-4185.65170041385	0.5712301379434215	0.5712301379434186	0.8305838104036197	0.1591831693987766	1.0	1.0	2.0	0.0	-4185.65170041385
70000	-4893.04410086359	-718.4210286493133	-4174.623072214276	0.5794140397836126	0.5794140397836076	1.6743779624743262	0.3076019863237992	1.0	1.0	2.0	0.0	-4174.623072214276
71000	-4893.400942498904	-742.6002280020793	-4150.800714496825	0.5996463385153353	0.5996463385153354	0.8765068908685217	0.19572898934611302	1.0	1.0	2.0	0.0	-4150.800714496825
72000	-4894.602335228001	-738.5893667519456	-4156.012968476055	0.5943215355981625	0.5943215355981621	3.0260902364465894	0.6382182311804317	1.0	1.0	2.0	0.0	-4156.012968476055
73000	-4890.197739787075	-735.2719566616969	-4154.925783125378	0.5942172569766325	0.5942172569766294	0.3958139707246085	0.08039378590726562	1.0	1.0	2.0	0.0	-4154.925783125378
74000	-4894.585639506516	-718.6619253601015	-4175.923714146415	0.5791100582213021	0.579110058221302	2.124178395392125	0.4756533631287799	1.0	1.0	2.0	0.0	-4175.923714146415
75000	-4892.120732195511	-722.1124308246125	-4170.008301370898	0.5828774279927976	0.5828774279928004	1.1640751182826135	0.21451066281247985	1.0	1.0	2.0	0.0	-4170.008301370898
76000	-4893.2527791171215	-728.0240154215563	-4165.228763695565	0.5870610542400259	0.5870610542400223	1.726001695311245	0.3762601507988296	1.0	1.0	2.0	0.0	-4165.228763695565
77000	-4894.038423932587	-734.0619860438833	-4159.976437888704	0.593000427210543	0.5930004272105396	0.629356264964301	0.145796299084629	1.0	1.0	2.0	0.0	-4159.976437888704
78000	-4895.009079838489	-735.2915357158026	-4159.717544122686	0.5918566561583375	0.5918566561583308	2.809665601458246	0.6133583810991801	1.0	1.0	2.0	0.0	-4159.717544122686
79000	-4891.864139977558	-719.4741851136043	-4172.389954863954	0.5809303951071377	0.5809303951071365	0.9569759110157404	0.19779235508968573	1.0	1.0	2.0	0.0	-4172.389954863954
80000	-4890.451821307569	-716.3963243153157	-4174.055496992253	0.5792135793712568	0.5792135793712557	0.17190692426187842	0.033951431207082695	1.0	1.0	2.0	0.0	-4174.055496992253
81000	-4895.116528442898	-675.173584117294	-4219.942944325604	0.5454810235471589	0.5454810235471622	0.6843729344687843	0.12999243273995215	1.0	1.0	2.0	0.0	-4219.942944325604
82000	-4891.13962006323	-716.7360217725246	-4174.403598290705	0.5791770242379255	0.5791770242379242	0.49780199694963634	0.09308434466516062	1.0	1.0	2.0	0.0	-4174.403598290705
83000	-4895.2043971536195	-730.2122478626753	-4164.992149290944	0.5865088699582125	0.5865088699582093	4.148111429805956	0.8271178837422216	1.0	1.0	2.0	0.0	-4164.992149290944
84000	-4891.139243959546	-721.924248134704	-4169.214995824842	0.5827872037833681	0.5827872037833688	1.0890259236205384	0.21326004136487295	1.0	1.0	2.0	0.0	-4169.214995824842
85000	-4893.705302963996	-766.305571976301	-4127.399730987694	0.6179070318373628	0.6179070318373606	1.8046085299149763	0.3293956654985718	1.0	1.0	2.0	0.0	-4127.399730987694
86000	-4891.592202801181	-730.5393510169035	-4161.052851784278	0.5901452892149154	0.5901452892149165	0.6709659826136266	0.12204009193636582	1.0	1.0	2.0	0.0	-4161.052851784278
87000	-4892.757050187058	-765.2986332169259	-4127.458416970132	0.6169374497695973	0.6169374497695923	1.9468170615871836	0.382535703442744	1.0	1.0	2.0	0.0	-4127.458416970132
88000	-4893.617277921218	-732.9679921184086	-4160.64928580281	0.5900383393394361	0.5900383393394317	2.810363636515078	0.5439060103502683	1.0	1.0	2.0	0.0	-4160.64928580281
89000	-4894.032265885209	-739.8919336818057	-4154.140332203404	0.5953020082901004	0.5953020082900994	3.169841667345161	0.5812117822821137	1.0	1.0	2.0	0.0	-4154.140332203404
90000	-4892.399989667485	-756.5012975618351	-4135.898692105649	0.609784884139681	0.609784884139672	2.0093969637082565	0.3918809954809277	1.0	1.0	2.0	0.0	-4135.898692105649
91000	-4897.547113272172	-724.2202575421895	-4173.3268557299825	0.5805349439766176	0.5805349439766144	5.242547372243598	1.148675226327986	1.0	1.0	2.0	0.0	-4173.3268557299825
92000	-4890.801583075205	-742.0285364997179	-4148.773046575487	0.5994110049749689	0.5994110049749689	0.6635584438497425	0.1288065627160108	1.0	1.0	2.0	0.0	-4148.773046575487
93000	-4895.53853405617	-734.7429329251748	-4160.795601130995	0.5914096228459078	0.5914096228459055	2.886087365300983	0.5426734799115333	1.0	1.0	2.0	0.0	-4160.795601130995
94000	-4891.981325795364	-730.8537348824213	-4161.127590912943	0.5903513839523574	0.5903513839523576	0.7022432621089904	0.14958033694611042	1.0	1.0	2.0	0.0	-4161.127590912943
95000	-4894.237885068731	-732.2933172546847	-4161.944567814046	0.5887680537029966	0.5887680537029939	3.5295852448807286	0.7252199208911768	1.0	1.0	2.0	0.0	-4161.944567814046
96000	-4890.5436776156885	-742.862558331169	-4147.68111928452	0.6005244903469674	0.6005244903469669	0.20543760545778966	0.040194747078512075	1.0	1.0	2.0	0.0	-4147.68111928452
97000	-4893.62712721534	-752.8755393018245	-4140.751587913515	0.6065356973237154	0.6065356973237126	2.3099488889608444	0.49462118922323606	1.0	1.0	2.0	0.0	-4140.751587913515
98000	-4892.7420361464565	-718.2283703577717	-4174.513665788685	0.5799473467636562	0.5799473467636567	0.9315121485171375	0.1964776738599849	1.0	1.0	2.0	0.0	-4174.513665788685
99000	-4890.4765627405595	-745.182287889736	-4145.294274850823	0.6024440087128059	0.6024440087128076	0.15372368268817532	0.03138324680725475	1.0	1.0	2.0	0.0	-4145.294274850823
100000	-4891.181829219345	-717.0990700369356	-4174.082759182409	0.5797531085550752	0.5797531085550806	0.20136119343830478	0.038194993824359626	1.0	1.0	2.0	0.0	-4174.082759182409
101000	-4894.580427257248	-750.0882157900076	-4144.49221146724	0.6030961008669289	0.6030961008669218	3.5399957904804027	0.7424281889911869	1.0	1.0	2.0	0.0	-4144.49221146724
102000	-4893.321761943707	-793.5160738013716	-4099.805688142335	0.6412907534042778	0.6412907534042745	0.2974728026084305	0.05144837126457269	1.0	1.0	2.0	0.0	-4099.805688142335
103000	-4893.794457193786	-734.3099623238398	-4159.4844948699465	0.590689095264613	0.5906890952646103	3.2331917481985104	0.6560828678177147	1.0	1.0	2.0	0.0	-4159.4844948699465
104000	-4892.837699797376	-722.6673509447107	-4170.1703488526655	0.582410375926894	0.5824103759268915	2.099914606411474	0.41276111371991914	1.0	1.0	2.0	0.0	-4170.1703488526655
105000	-4895.014430533328	-762.8283723256169	-4132.186058207711	0.6146856734491523	0.6146856734491544	2.177783911820823	0.4735282946062288	1.0	1.0	2.0	0.0	-4132.186058207711
106000	-4893.064295058673	-707.0976539302867	-4185.966641128387	0.5704070355981046	0.5704070355981063	1.5282051152342975	0.29967651644512966	1.0	1.0	2.0	0.0	-4185.966641128387
107000	-4893.082191065869	-770.4410472919087	-4122.64114377396	0.622106539263413	0.622106539263412	0.9078814203977962	0.15419894345299678	1.0	1.0	2.0	0.0	-4122.64114377396
108000	-4894.5605990978975	-708.1292277184697	-4186.431371379428	0.5700742315071377	0.570074231507138	2.720920968966437	0.5512357330788418	1.0	1.0	2.0	0.0	-4186.431371379428
109000	-4892.245553636301	-722.3773466015639	-4169.868207034738	0.5826225340378688	0.5826225340378657	1.6259420622154768	0.33364174425918414	1.0	1.0	2.0	0.0	-4169.868207034738
110000	-4893.15133976566	-731.7707302192144	-4161.380609546445	0.5890420263429496	0.5890420263429509	2.844700496853552	0.5477792437027174	1.0	1.0	2.0	0.0	-4161.380609546445
111000	-4894.210997956448	-672.7267399082963	-4221.484258048152	0.5439030705430412	0.5439030705430378	0.27076504495934867	0.0535975219620788	1.0	1.0	2.0	0.0	-4221.484258048152
112000	-4892.880747236185	-761.3609967507581	-4131.519750485427	0.6138403324572977	0.6138403324572991	1.8959774947534667	0.3361903394079034	1.0	1.0	2.0	0.0	-4131.519750485427
113000	-4891.821724171464	-758.156606537079	-4133.665117634385	0.6117995098869019	0.6117995098868976	1.3110402814552315	0.24738145277566864	1.0	1.0	2.0	0.0	-4133.665117634385
114000	-4893.528379189673	-774.8109797949126	-4118.71739939476	0.6247232888751205	0.6247232888751219	1.8162680146718702	0.3709806821681884	1.0	1.0	2.0	0.0	-4118.71739939476
115000	-4895.85560655286	-694.0016594569763	-4201.853947095884	0.5594955699345628	0.5594955699345633	1.857904653042259	0.4050835424404078	1.0	1.0	2.0	0.0	-4201.853947095884
116000	-4890.859150138387	-738.1744520457705	-4152.684698092617	0.5961856687458484	0.5961856687458515	0.777292426470763	0.16050931020040163	1.0	1.0	2.0	0.0	-4152.684698092617
117000	-4891.591804753544	-761.9152788009749	-4129.676525952569	0.6151719486577274	0.6151719486577271	0.9444334393989609	0.1907995960443315	1.0	1.0	2.0	0.0	-4129.676525952569
118000	-4890.605147769594	-727.4886828247139	-4163.11646494488	0.587571680193719	0.5875716801937162	0.7793589235661141	0.15437001564468283	1.0	1.0	2.0	0.0	-4163.11646494488
119000	-4892.367064030005	-751.264248054815	-4141.10281597519	0.6060966413066212	0.6060966413066141	1.4778477241647376	0.2598696009508774	1.0	1.0	2.0	0.0	-4141.10281597519
120000	-4895.385717404979	-709.8725866630324	-4185.513130741947	0.5709879975460233	0.5709879975460206	3.2801590485030556	0.6022206469919484	1.0	1.0	2.0	0.0	-4185.513130741947
121000	-4892.940154416497	-749.2478173837002	-4143.692337032797	0.6033728719669015	0.6033728719669044	2.5902534299722215	0.508569119205658	1.0	1.0	2.0	0.0	-4143.692337032797
122000	-4892.788353918565	-724.6190027249155	-4168.169351193649	0.5841264653633322	0.5841264653633371	1.9423284008138493	0.393956971586021	1.0	1.0	2.0	0.0	-4168.169351193649
123000	-4892.657666129818	-735.2497114848433	-4157.407954644975	0.593464395889136	0.5934643958891331	1.1818281741406307	0.20571068559814268	1.0	1.0	2.0	0.0	-4157.407954644975
124000	-4892.043112672947	-715.8180228152188	-4176.225089857729	0.578029861101404	0.5780298611014044	0.907019717786493	0.18841886681957185	1.0	1.0	2.0	0.0	-4176.225089857729
125000	-4891.465628355944	-741.8589227391631	-4149.606705616781	0.5995888766584752	0.599588876658473	0.3312367007852398	0.07094833055435035	1.0	1.0	2.0	0.0	-4149.606705616781
126000	-4891.582452230357	-754.0577771880859	-4137.524675042271	0.6094111733017674	0.6094111733017649	0.3590944911492175	0.062070562551134974	1.0	1.0	2.0	0.0	-4137.524675042271
127000	-4893.227605307265	-741.3708234765198	-4151.856781830745	0.5990031757188624	0.5990031757188644	0.5210716162072181	0.11930102516074129	1.0	1.0	2.0	0.0	-4151.856781830745
128000	-4890.3449288106	-728.784698267598	-4161.560230543002	0.5888763131993274	0.5888763131993268	0.5118041632989299	0.10013536029101519	1.0	1.0	2.0	0.0	-4161.560230543002
129000	-4891.984184568883	-744.0056348762965	-4147.978549692587	0.600138334209512	0.6001383342095129	1.5597773311995917	0.3077762959374454	1.0	1.0	2.0	0.0	-4147.978549692587
130000	-4891.647862419668	-764.6594146066326	-4126.988447813035	0.6172618394775321	0.6172618394775301	1.0782838646882804	0.2096050530792918	1.0	1.0	2.0	0.0	-4126.988447813035
131000	-4892.7434575803345	-746.9642505708151	-4145.779207009519	0.6017619975751979	0.6017619975751921	2.3666277093144594	0.4461536785164355	1.0	1.0	2.0	0.0	-4145.779207009519
132000	-4893.116792784695	-749.1296792249763	-4143.987113559719	0.6033669304437131	0.6033669304437094	2.5236441231889755	0.4644079021791201	1.0	1.0	2.0	0.0	-4143.987113559719
133000	-4892.6233501608285	-725.3153913927179	-4167.30795876811	0.5860032606445957	0.5860032606445954	0.5752573695040628	0.13009569190213738	1.0	1.0	2.0	0.0	-4167.30795876811
134000	-4890.32993024513	-735.6023204424126	-4154.727609802717	0.5943959702167091	0.5943959702167083	0.48846538387023325	0.09649508096996072	1.0	1.0	2.0	0.0	-4154.727609802717
135000	-4891.741261511592	-769.8481329270409	-4121.893128584551	0.6215350080011353	0.6215350080011316	0.9937866600827397	0.18407811045546693	1.0	1.0	2.0	0.0	-4121.893128584551
136000	-4892.527760724757	-697.3731080266642	-4195.154652698093	0.5631963739099858	0.5631963739099841	0.8729559543554182	0.17216324245636822	1.0	1.0	2.0	0.0	-4195.154652698093
137000	-4892.529058683422	-748.9241643021717	-4143.60489438125	0.6043935289472444	0.6043935289472485	1.2859510321619354	0.22357939056714718	1.0	1.0	2.0	0.0	-4143.60489438125
138000	-4890.635330352655	-731.4773799988499	-4159.157950353805	0.5911944062154308	0.5911944062154287	0.3608812191911911	0.06920425564376657	1.0	1.0	2.0	0.0	-4159.157950353805
139000	-4893.319180623329	-780.3366279458476	-4112.982552677481	0.6303435440891566	0.6303435440891592	0.6305477485366769	0.11327368165411868	1.0	1.0	2.0	0.0	-4112.982552677481
140000	-4894.150202764788	-720.4807409303979	-4173.669461834391	0.5794587222036273	0.579458722203627	3.3174024144960854	0.6688809859774262	1.0	1.0	2.0	0.0	-4173.669461834391
141000	-4892.137826758049	-723.3109386420324	-4168.826888116017	0.5834650676478802	0.5834650676478813	1.5289695963740357	0.31941950748884423	1.0	1.0	2.0	0.0	-4168.826888116017
142000	-4893.112669297545	-683.7326885462383	-4209.379980751307	0.5527957756906176	0.5527957756906209	0.2539827111714026	0.04841576042919655	1.0	1.0	2.0	0.0	-4209.379980751307
143000	-4890.622683045387	-735.9586179601863	-4154.6640650852005	0.5944558309900405	0.5944558309900384	0.7275694420004806	0.13945896273097327	1.0	1.0	2.0	0.0	-4154.6640650852005
144000	-4896.542419559506	-742.3241821886805	-4154.218237370826	0.5969980787398145	0.5969980787398121	3.3233777001884794	0.7567381528973719	1.0	1.0	2.0	0.0	-4154.218237370826
145000	-4894.201104527678	-731.1757021254188	-4163.025402402259	0.5877848776140059	0.5877848776140042	3.63889429877735	0.7174791780209689	1.0	1.0	2.0	0.0	-4163.025402402259
146000	-4890.59635965347	-729.6000797242626	-4160.996279929208	0.5898649302257051	0.5898649302257023	0.16865528348306358	0.032736804527015856	1.0	1.0	2.0	0.0	-4160.996279929208
147000	-4894.218065933946	-759.3552651765647	-4134.862800757381	0.6111467609171989	0.611146760917193	2.96636987990475	0.600128105570906	1.0	1.0	2.0	0.0	-4134.862800757381
148000	-4893.3020684898065	-703.4015077595576	-4189.900560730249	0.5678548084848711	0.5678548084848686	1.0954320458463993	0.2012550609613152	1.0	1.0	2.0	0.0	-4189.900560730249
149000	-4892.403772321396	-737.0478708296944	-4155.355901491702	0.5949125161992178	0.5949125161992186	1.171139476975974	0.21883537604377823	1.0	1.0	2.0	0.0	-4155.355901491702
150000	-4891.547972364359	-736.9040939844108	-4154.643878379949	0.5949164033880755	0.5949164033880686	1.0501707907258566	0.19120696141945187	1.0	1.0	2.0	0.0	-4154.643878379949
151000	-4899.572511853153	-765.2430840217278	-4134.329427831425	0.6113256523993288	0.6113256523993321	7.70596071997547	1.5265281799372123	1.0	1.0	2.0	0.0	-4134.329427831425
152000	-4894.133965037872	-769.7714639379352	-4124.362501099937	0.6201117038638598	0.6201117038638625	2.3688754215544088	0.49721934498997034	1.0	1.0	2.0	0.0	-4124.362501099937
153000	-4890.249106789729	-752.4385695683957	-4137.810537221333	0.6081120797606876	0.6081120797606886	0.3457467510291733	0.06710909713949824	1.0	1.0	2.0	0.0	-4137.810537221333
154000	-4892.664450668329	-722.9820903577526	-4169.682360310576	0.5837940365837636	0.5837940365837642	0.9071256319823369	0.20447639391596797	1.0	1.0	2.0	0.0	-4169.682360310576
155000	-4892.996480407017	-752.4618232304525	-4140.534657176564	0.6058987441553005	0.6058987441552997	2.662200383579118	0.5184887419306076	1.0	1.0	2.0	0.0	-4140.534657176564
156000	-4894.820671141575	-767.416814735763	-4127.403856405812	0.6174033910395681	0.6174033910395653	3.2241121032328732	0.6456521776791335	1.0	1.0	2.0	0.0	-4127.403856405812
157000	-4892.256319144686	-781.2413722278347	-4111.014946916851	0.6310007136369822	0.631000713636979	0.7014168536205296	0.1322660282822536	1.0	1.0	2.0	0.0	-4111.014946916851
158000	-4893.703422631909	-708.6368212374449	-4185.066601394465	0.5710184798597869	0.5710184798597836	2.1843021854937517	0.424511833648979	1.0	1.0	2.0	0.0	-4185.066601394465
159000	-4891.355353826987	-762.5900697674407	-4128.7652840595465	0.6156842067346989	0.6156842067346956	0.9870818915707437	0.18773781063763015	1.0	1.0	2.0	0.0	-4128.7652840595465
160000	-4890.4842915346635	-720.0067496230613	-4170.477541911602	0.5820917978822083	0.5820917978822052	0.20549488183412049	0.041633704539728277	1.0	1.0	2.0	0.0	-4170.477541911602
161000	-4893.773883821487	-767.7137180709313	-4126.060165750556	0.6195391951601765	0.6195391951601751	1.254393259292667	0.263867921098353	1.0	1.0	2.0	0.0	-4126.060165750556
162000	-4891.718378113173	-698.021164837223	-4193.697213275949	0.564289928260791	0.5642899282607902	0.2775466579414282	0.05953135365141662	1.0	1.0	2.0	0.0	-4193.697213275949
163000	-4895.341293773361	-784.2073145970069	-4111.133979176354	0.6317927229758706	0.631792722975875	2.3797954723202843	0.4377478483269854	1.0	1.0	2.0	0.0	-4111.133979176354
164000	-4892.4128424742385	-724.4429624141768	-4167.969880060062	0.5842776048761706	0.5842776048761732	1.6675158632321598	0.305308375129231	1.0	1.0	2.0	0.0	-4167.969880060062
165000	-4892.901661457348	-741.4216305066542	-4151.4800309506945	0.5973965585564253	0.5973965585564234	2.2720897830249847	0.41134619983408144	1.0	1.0	2.0	0.0	-4151.4800309506945
166000	-4891.292398956232	-741.4391246009984	-4149.853274355234	0.5982215792280395	0.5982215792280388	1.3996524411287579	0.2782253481888881	1.0	1.0	2.0	0.0	-4149.853274355234
167000	-4890.97822077483	-742.5155515268747	-4148.462669247956	0.6001110596617625	0.6001110596617603	0.3448403922691096	0.06645111782613664	1.0	1.0	2.0	0.0	-4148.462669247956
168000	-4892.127506281464	-737.770237434075	-4154.357268847389	0.5956100441348791	0.5956100441348774	1.0442956410242346	0.20308614314558887	1.0	1.0	2.0	0.0	-4154.357268847389
169000	-4891.793526856765	-733.067488664292	-4158.726038192473	0.592339999117279	0.592339999117274	0.5106098105921172	0.08900233630468704	1.0	1.0	2.0	0.0	-4158.726038192473
170000	-4894.69940427294	-752.9870731133713	-4141.712331159569	0.6064333846743343	0.6064333846743372	2.5525541796705937	0.4904194767545204	1.0	1.0	2.0	0.0	-4141.712331159569
171000	-4891.938714751176	-739.0425702218578	-4152.896144529318	0.5959836858980292	0.5959836858980291	1.7047611729134067	0.35162448556354475	1.0	1.0	2.0	0.0	-4152.896144529318
172000	-4895.747806854772	-781.746251753427	-4114.001555101345	0.6290241585996929	0.629024158599695	3.2256115744232723	0.5638584373222916	1.0	1.0	2.0	0.0	-4114.001555101345
173000	-4893.2133298026	-727.3535144286368	-4165.859815373963	0.5877475668698089	0.5877475668698057	0.4708271014646653	0.10962574000510258	1.0	1.0	2.0	0.0	-4165.859815373963
174000	-4894.83180458998	-768.1347123820075	-4126.697092207972	0.6177820816555496	0.617782081655548	3.44529567920104	0.6727877953401835	1.0	1.0	2.0	0.0	-4126.697092207972
175000	-4893.206933320565	-715.6519079810992	-4177.555025339466	0.5779921323697821	0.5779921323697811	0.7927074955383234	0.18340218196126268	1.0	1.0	2.0	0.0	-4177.555025339466
176000	-4892.282763110844	-757.9199474747653	-4134.362815636078	0.611682916481357	0.6116829164813519	1.2447197951989253	0.22162024560940793	1.0	1.0	2.0	0.0	-4134.362815636078
177000	-4894.270293198631	-737.6522335196962	-4156.618059678935	0.5935039554126359	0.5935039554126339	3.1747067539184344	0.5662988123192245	1.0	1.0	2.0	0.0	-4156.618059678935
178000	-4895.019408210994	-700.8643254772591	-4194.155082733735	0.5651416514473311	0.5651416514473337	1.739148439562627	0.38488419683408626	1.0	1.0	2.0	0.0	-4194.155082733735
179000	-4892.165244778361	-736.5800305550275	-4155.585214223333	0.5937457431757099	0.5937457431757059	1.9940658006573175	0.3749107375328892	1.0	1.0	2.0	0.0	-4155.585214223333
180000	-4893.125613299522	-758.1349222347334	-4134.990691064789	0.6112318290779863	0.6112318290779822	1.8826584192218578	0.35801091426518983	1.0	1.0	2.0	0.0	-4134.990691064789
181000	-4891.051040154517	-731.4142130039223	-4159.636827150594	0.5904330188942001	0.5904330188941939	1.0983094355514014	0.21276146188202621	1.0	1.0	2.0	0.0	-4159.636827150594
182000	-4891.471847448294	-741.7906320690922	-4149.6812153792025	0.59888986828303	0.5988898682830268	1.017154989279334	0.18353094588382254	1.0	1.0	2.0	0.0	-4149.6812153792025
183000	-4893.008719326358	-724.0703194159856	-4168.938399910372	0.5849376884496085	0.5849376884496013	0.6350169865785579	0.14662682930341836	1.0	1.0	2.0	0.0	-4168.938399910372
184000	-4892.569848179786	-765.0735314481229	-4127.496316731664	0.6171453768876686	0.6171453768876674	1.5361901610920177	0.3102299114288821	1.0	1.0	2.0	0.0	-4127.496316731664
185000	-4895.630192900366	-736.7369094773403	-4158.893283423025	0.5953553029097385	0.5953553029097391	0.4586304731135172	0.07131153612145208	1.0	1.0	2.0	0.0	-4158.893283423025
186000	-4893.705901113497	-798.2845281105642	-4095.4213730029323	0.6447598480800617	0.644759848080061	0.682557301409819	0.13323272485200888	1.0	1.0	2.0	0.0	-4095.4213730029323
187000	-4891.471592981078	-727.0678963145339	-4164.403696666544	0.586873406909172	0.5868734069091719	1.1607854680372036	0.2180489228057241	1.0	1.0	2.0	0.0	-4164.403696666544
188000	-4892.815879301945	-733.1356458276873	-4159.680233474257	0.5917421694998892	0.5917421694998846	1.1524884122393604	0.25661380992576927	1.0	1.0	2.0	0.0	-4159.680233474257
189000	-4895.541829549336	-756.7019931837493	-4138.839836365587	0.609594082967124	0.609594082967118	2.4184201014224462	0.42014998845544915	1.0	1.0	2.0	0.0	-4138.839836365587
190000	-4896.625581207221	-742.1806539913632	-4154.444927215858	0.5954574510005409	0.5954574510005419	4.873061998309515	0.9739572473626636	1.0	1.0	2.0	0.0	-4154.444927215858
191000	-4894.9850080515125	-803.663118976854	-4091.321889074659	0.6493049107710682	0.6493049107710669	0.46437051646168853	0.09427497771409703	1.0	1.0	2.0	0.0	-4091.321889074659
192000	-4891.592621858338	-732.2933795147694	-4159.299242343569	0.5911328029283054	0.5911328029283004	1.0898532259204152	0.23262241036476955	1.0	1.0	2.0	0.0	-4159.299242343569
193000	-4892.037325237081	-742.1215301306473	-4149.9157951064335	0.5989320269275829	0.5989320269275829	1.2543431612165457	0.22496281905732193	1.0	1.0	2.0	0.0	-4149.9157951064335
194000	-4891.782213115881	-743.1409514009041	-4148.641261714977	0.600021438974167	0.6000214389741683	0.9736690503848372	0.17415459988897064	1.0	1.0	2.0	0.0	-4148.641261714977
195000	-4892.558557950499	-779.5849887333374	-4112.973569217162	0.6295224337220866	0.6295224337220839	0.8403408355339307	0.17000974386105386	1.0	1.0	2.0	0.0	-4112.973569217162
196000	-4891.201764386464	-717.6182140578808	-4173.583550328583	0.5796467180252537	0.5796467180252525	0.7407465455541042	0.1498841366728351	1.0	1.0	2.0	0.0	-4173.583550328583
197000	-4891.122674227239	-757.8483579391307	-4133.274316288109	0.6121289392013353	0.6121289392013343	0.7073301952219374	0.13434632108405248	1.0	1.0	2.0	0.0	-4133.274316288109
198000	-4889.866641411616	-738.7276574436584	-4151.138983967958	0.5972943815138873	0.5972943815138853	0.09661023820440877	0.019555581892726947	1.0	1.0	2.0	0.0	-4151.138983967958
199000	-4892.041118995251	-728.8366309469649	-4163.204488048286	0.5886156111015609	0.5886156111015631	0.8389640570373353	0.1481905265946159	1.0	1.0	2.0	0.0	-4163.204488048286
200000	-4891.296585972428	-751.2725538365647	-4140.024032135863	0.6063604048319845	0.6063604048319838	1.1843981030451651	0.2345527744945206	1.0	1.0	2.0	0.0	-4140.024032135863
201000	-4891.974677511617	-738.4896478463172	-4153.4850296653	0.5957677123293261	0.5957677123293251	1.478735303128132	0.2925427688242497	1.0	1.0	2.0	0.0	-4153.4850296653
202000	-4894.665130663786	-766.0472324450817	-4128.617898218704	0.6160059510327807	0.6160059510327779	3.544653894239862	0.6883630420964874	1.0	1.0	2.0	0.0	-4128.617898218704
203000	-4891.584779315518	-756.4504126344106	-4135.134366681107	0.6109085052197814	0.6109085052197809	0.8060921744437101	0.15099372034023084	1.0	1.0	2.0	0.0	-4135.134366681107
204000	-4890.829572900733	-750.8094024118768	-4140.020170488857	0.6062879329740017	0.6062879329740053	0.874610317656333	0.17105572927406804	1.0	1.0	2.0	0.0	-4140.020170488857
205000	-4892.690085317895	-774.6475833619039	-4118.042501955991	0.6249694128349892	0.6249694128349808	1.4506546917203123	0.2680048174417312	1.0	1.0	2.0	0.0	-4118.042501955991
206000	-4893.787043620902	-716.6262845297663	-4177.160759091136	0.5774675554131579	0.577467555413157	2.1470546838199334	0.4539391656677053	1.0	1.0	2.0	0.0	-4177.160759091136
207000	-4892.994878983757	-762.864096423276	-4130.130782560481	0.6146722252779543	0.6146722252779577	2.273021899222736	0.43069026293748797	1.0	1.0	2.0	0.0	-4130.130782560481
208000	-4895.365044476772	-743.9274764867446	-4151.437567990027	0.5974291483809285	0.5974291483809236	4.267085490766551	0.8817840188008107	1.0	1.0	2.0	0.0	-4151.437567990027
209000	-4892.420653959097	-737.7786712544693	-4154.6419827046275	0.5945420698478134	0.5945420698478091	2.1396456557058436	0.4404966718347675	1.0	1.0	2.0	0.0	-4154.6419827046275
210000	-4894.333767693391	-782.977945591745	-4111.355822101646	0.6312063564864341	0.6312063564864328	1.9609332909622355	0.35432825143852226	1.0	1.0	2.0	0.0	-4111.355822101646
211000	-4895.364814850267	-765.208276729853	-4130.156538120415	0.6153880678079763	0.6153880678079756	3.4295826170587627	0.7306587512009579	1.0	1.0	2.0	0.0	-4130.156538120415
212000	-4890.511493871466	-733.7658075979174	-4156.745686273549	0.5930582807339905	0.5930582807339877	0.34370976268076847	0.06352372718261719	1.0	1.0	2.0	0.0	-4156.745686273549
213000	-4891.668877593864	-732.4575856440192	-4159.211291949845	0.5915078947413963	0.5915078947413962	0.8407628700425321	0.18078948613055468	1.0	1.0	2.0	0.0	-4159.211291949845
214000	-4892.502627884766	-735.9043394411681	-4156.598288443598	0.5942620040201161	0.5942620040201172	0.8844053762820203	0.16869715539547997	1.0	1.0	2.0	0.0	-4156.598288443598
215000	-4894.458879101643	-724.1446697803287	-4170.314209321315	0.5847145290978549	0.5847145290978555	0.9701954055377415	0.16252772427336995	1.0	1.0	2.0	0.0	-4170.314209321315
216000	-4890.439317905002	-744.1631863008097	-4146.276131604192	0.6011017878486116	0.6011017878486092	0.6953021359669559	0.1350930468876915	1.0	1.0	2.0	0.0	-4146.276131604192
217000	-4892.098632837051	-749.2300103213067	-4142.868622515744	0.604903241401882	0.60490324140188	0.9896353538748867	0.19368599846645376	1.0	1.0	2.0	0.0	-4142.868622515744
218000	-4891.176702592419	-735.2169907579008	-4155.959711834518	0.5937855857562312	0.5937855857562307	0.8081431232876961	0.14838730375781592	1.0	1.0	2.0	0.0	-4155.959711834518
219000	-4893.160396818049	-742.1841247861249	-4150.976272031924	0.599485074378418	0.5994850743784149	0.7053175017975702	0.15078750722695589	1.0	1.0	2.0	0.0	-4150.976272031924
220000	-4894.424414933748	-706.0324020532566	-4188.392012880492	0.568969073440931	0.5689690734409294	2.0895401356696435	0.4562685200959139	1.0	1.0	2.0	0.0	-4188.392012880492
221000	-4896.390598148617	-798.5654145932807	-4097.8251835553365	0.643679510294533	0.6436795102945397	2.0396653169361834	0.3965998547082162	1.0	1.0	2.0	0.0	-4097.8251835553365
222000	-4891.749270929297	-755.5397161909366	-4136.209554738361	0.6097182361496385	0.6097182361496342	1.2665117194385522	0.2558294380012641	1.0	1.0	2.0	0.0	-4136.209554738361
223000	-4893.9133853996545	-689.0541895464023	-4204.8591958532525	0.5569155702425292	0.5569155702425298	0.41901833102296937	0.0959360283506374	1.0	1.0	2.0	0.0	-4204.8591958532525
224000	-4891.353540947342	-712.046036129898	-4179.307504817443	0.5751190912288366	0.5751190912288382	0.7831968532548801	0.14979339632250988	1.0	1.0	2.0	0.0	-4179.307504817443
225000	-4890.755129283405	-760.4135898830095	-4130.341539400396	0.6148220062142296	0.6148220062142297	0.05658908719143689	0.010886786243151059	1.0	1.0	2.0	0.0	-4130.341539400396
226000	-4893.572639481474	-712.2473739953456	-4181.325265486128	0.5743094097693161	0.5743094097693193	1.7616172807836934	0.37676921704726374	1.0	1.0	2.0	0.0	-4181.325265486128
227000	-4892.589299374695	-704.2539419464357	-4188.335357428259	0.568712561819691	0.5687125618196895	0.9168134922676224	0.16862868007959497	1.0	1.0	2.0	0.0	-4188.335357428259
228000	-4891.080957434006	-735.6547836972404	-4155.426173736766	0.594245347771512	0.5942453477715124	0.6895012057066019	0.13469995179571043	1.0	1.0	2.0	0.0	-4155.426173736766
229000	-4894.780174037369	-717.3880908768695	-4177.392083160499	0.5767854240073599	0.5767854240073605	3.5266352000809555	0.6820504242817658	1.0	1.0	2.0	0.0	-4177.392083160499
230000	-4896.750845621491	-760.0312228055512	-4136.71962281594	0.6134816324000235	0.6134816324000242	1.1701401323625413	0.17704566676227748	1.0	1.0	2.0	0.0	-4136.71962281594
231000	-4893.783757930701	-778.3169395903268	-4115.466818340374	0.628247387012261	0.6282473870122585	1.1095266321035138	0.21382122240914608	1.0	1.0	2.0	0.0	-4115.466818340374
232000	-4890.6372193228635	-734.7649999647997	-4155.872219358063	0.5934488507491328	0.5934488507491346	0.7663414022483442	0.15576250864285096	1.0	1.0	2.0	0.0	-4155.872219358063
233000	-4892.887039413114	-753.8432828366057	-4139.043756576508	0.608965833037764	0.6089658330377619	0.6414457231833254	0.11745433683817501	1.0	1.0	2.0	0.0	-4139.043756576508
234000	-4892.3695654455805	-755.6143959523982	-4136.755169493183	0.6091486010490034	0.609148601049003	1.930607867596087	0.3727698924936953	1.0	1.0	2.0	0.0	-4136.755169493183
235000	-4894.357429389576	-721.4430768705882	-4172.914352518988	0.5809553377513407	0.5809553377513405	2.5377102245728627	0.5550195081846663	1.0	1.0	2.0	0.0	-4172.914352518988
236000	-4891.942153445854	-728.420029956555	-4163.522123489299	0.5884173406186934	0.5884173406186896	0.6688009306378819	0.14761708556140482	1.0	1.0	2.0	0.0	-4163.522123489299
237000	-4894.594758891304	-741.2861201013772	-4153.308638789927	0.5977828429127473	0.5977828429127466	1.7382380313382007	0.3306823456214103	1.0	1.0	2.0	0.0	-4153.308638789927
238000	-4900.403271829703	-805.1552898671187	-4095.247981962584	0.6454948374186907	0.6454948374186877	5.742644965002176	1.0325413807767092	1.0	1.0	2.0	0.0	-4095.247981962584
239000	-4893.568271894475	-740.0652041018062	-4153.503067792669	0.5965338724036886	0.5965338724036868	2.0253502822532448	0.3714190171057447	1.0	1.0	2.0	0.0	-4153.503067792669
240000	-4891.08801256226	-747.174960664506	-4143.913051897754	0.6036900586757471	0.6036900586757422	0.5359657888959711	0.09668078972766542	1.0	1.0	2.0	0.0	-4143.913051897754
241000	-4894.204554201985	-714.7428563305757	-4179.461697871409	0.5750284563426371	0.5750284563426407	3.095627055816613	0.646576578533716	1.0	1.0	2.0	0.0	-4179.461697871409
242000	-4893.556986031871	-768.3866090966021	-4125.170376935269	0.619162202642017	0.619162202642013	2.225587924599131	0.4330362171017829	1.0	1.0	2.0	0.0	-4125.170376935269
243000	-4893.557536394705	-726.46408700644	-4167.093449388264	0.5849439383985986	0.5849439383986004	2.6769944636185294	0.490666689046558	1.0	1.0	2.0	0.0	-4167.093449388264
244000	-4893.171513960848	-761.1097923583242	-4132.061721602524	0.6131110897659366	0.6131110897659339	2.4311521688956312	0.45408019466582666	1.0	1.0	2.0	0.0	-4132.061721602524
245000	-4892.738729670353	-778.2891421785187	-4114.449587491834	0.6284089854688045	0.6284089854688014	0.9220681471105721	0.173101553446368	1.0	1.0	2.0	0.0	-4114.449587491834
246000	-4892.361689954274	-751.1618434913585	-4141.199846462916	0.6062732052544776	0.6062732052544753	1.188952276989247	0.2274175253401324	1.0	1.0	2.0	0.0	-4141.199846462916
247000	-4893.186329112059	-732.2289417476447	-4160.957387364414	0.590738098864008	0.5907380988640122	1.4311823151676863	0.31630518587181716	1.0	1.0	2.0	0.0	-4160.957387364414
248000	-4892.492861913015	-711.2015351031857	-4181.291326809829	0.5735839581268659	0.5735839581268618	1.6697277355082893	0.32242857153219345	1.0	1.0	2.0	0.0	-4181.291326809829
249000	-4893.8173806793275	-754.9565091148934	-4138.860871564434	0.6074455686808198	0.6074455686808172	3.159866219925498	0.5974153032682339	1.0	1.0	2.0	0.0	-4138.860871564434
250000	-4891.351026961044	-721.7251872217238	-4169.62583973932	0.5830159386249356	0.5830159386249282	0.6755020911436391	0.14407947458422324	1.0	1.0	2.0	0.0	-4169.62583973932
251000	-4891.720771401639	-722.3560785193179	-4169.364692882321	0.583300260433584	0.5833002604335864	0.9077968559526397	0.190101804253132	1.0	1.0	2.0	0.0	-4169.364692882321
252000	-4892.255248542467	-755.615899834935	-4136.639348707532	0.6096419528479892	0.6096419528479906	1.4357349939618458	0.2573823238109411	1.0	1.0	2.0	0.0	-4136.639348707532
253000	-4894.016296112201	-760.913593305277	-4133.102702806925	0.6126527336078187	0.6126527336078104	2.6895336718161356	0.5678666552639866	1.0	1.0	2.0	0.0	-4133.102702806925
254000	-4893.2227854692665	-704.6765913326849	-4188.546194136582	0.5681630428095263	0.568163042809527	1.8105513767874122	0.37898525660766796	1.0	1.0	2.0	0.0	-4188.546194136582
255000	-4893.229264239776	-726.9154369440946	-4166.313827295681	0.5872861795892154	0.5872861795892167	0.6047879943355917	0.10972925738360857	1.0	1.0	2.0	0.0	-4166.313827295681
256000	-4890.499839507838	-729.4234558523681	-4161.07638365547	0.5894152893179347	0.58941528931793	0.4887481641588596	0.09359451490498091	1.0	1.0	2.0	0.0	-4161.07638365547
257000	-4892.5418721702545	-749.9782800263455	-4142.563592143909	0.604278237872973	0.6042782378729683	2.2538640321569723	0.4527457302752159	1.0	1.0	2.0	0.0	-4142.563592143909
258000	-4894.066770120594	-768.3948518193165	-4125.671918301277	0.6184177358722768	0.6184177358722792	2.995783254368045	0.5942253448072774	1.0	1.0	2.0	0.0	-4125.671918301277
259000	-4892.6824254206385	-724.9073436940112	-4167.775081726628	0.5851421023527393	0.585142102352742	1.1377389444597492	0.22744557370664042	1.0	1.0	2.0	0.0	-4167.775081726628
260000	-4890.942614141432	-715.5451209204679	-4175.397493220965	0.5780368215392335	0.5780368215392339	0.6749004236772456	0.13900489921991582	1.0	1.0	2.0	0.0	-4175.397493220965
261000	-4895.366897251375	-807.8001450674061	-4087.5667521839687	0.6524333024108983	0.6524333024109009	0.6878996890586578	0.12867849052140382	1.0	1.0	2.0	0.0	-4087.5667521839687
262000	-4890.897481424349	-724.9619175047777	-4165.935563919572	0.5853903593060816	0.5853903593060824	0.9244382656267851	0.18746897050024086	1.0	1.0	2.0	0.0	-4165.935563919572
263000	-4893.422459168565	-736.4302794519731	-4156.992179716593	0.5926855927615847	0.59268559276159	2.9397196657490077	0.5941334006330278	1.0	1.0	2.0	0.0	-4156.992179716593
264000	-4898.0992190494	-808.6217349873691	-4089.477484062031	0.6505896186318831	0.6505896186318803	3.3258710153611797	0.5983974314610009	1.0	1.0	2.0	0.0	-4089.477484062031
265000	-4892.394270997225	-706.5609090413477	-4185.833361955878	0.5710848539941451	0.5710848539941412	0.3819167359552281	0.06867641484692498	1.0	1.0	2.0	0.0	-4185.833361955878
266000	-4891.778645244004	-757.222481407297	-4134.556163836707	0.6117330968605046	0.6117330968604993	0.5823529429690056	0.12429669261546003	1.0	1.0	2.0	0.0	-4134.556163836707
267000	-4892.2602794826425	-722.7701584261696	-4169.490121056473	0.5830149269940834	0.5830149269940831	1.5437326191218366	0.3220746274622224	1.0	1.0	2.0	0.0	-4169.490121056473
268000	-4892.027847212651	-721.4658615061936	-4170.561985706458	0.5830283357096093	0.583028335709606	0.4521361445592963	0.09274665713646256	1.0	1.0	2.0	0.0	-4170.561985706458
269000	-4892.29703086214	-750.4528127551184	-4141.844218107021	0.6054203416669632	0.605420341666962	1.4666155327368489	0.2982924729180694	1.0	1.0	2.0	0.0	-4141.844218107021
270000	-4899.75056873402	-656.8857652355098	-4242.86480349851	0.5291623438769271	0.52916234387692	2.2999915874032095	0.46378255048705863	1.0	1.0	2.0	0.0	-4242.86480349851
271000	-4891.400742942662	-739.3775428181606	-4152.023200124501	0.5968929252341049	0.5968929252341024	1.0576850888835507	0.20618526531932302	1.0	1.0	2.0	0.0	-4152.023200124501
272000	-4890.520006358696	-727.5899064971404	-4162.930099861556	0.5880503235486427	0.5880503235486454	0.36819832381785617	0.07321425433441033	1.0	1.0	2.0	0.0	-4162.930099861556
273000	-4895.406238970267	-747.7791493795644	-4147.627089590703	0.6015940395416236	0.6015940395416198	3.25696985897242	0.5789828223600728	1.0	1.0	2.0	0.0	-4147.627089590703
274000	-4893.938519948468	-710.5482964704117	-4183.390223478056	0.572903508468382	0.5729035084683812	1.8534318983372005	0.32928972525799843	1.0	1.0	2.0	0.0	-4183.390223478056
275000	-4893.3735195581185	-739.4989266900863	-4153.874592868032	0.5958242111693707	0.5958242111693665	2.2324706927510083	0.4780256762691491	1.0	1.0	2.0	0.0	-4153.874592868032
276000	-4893.7850323095145	-710.5755455199254	-4183.209486789589	0.5732645388576187	0.5732645388576179	1.4589018492126633	0.30336644920289224	1.0	1.0	2.0	0.0	-4183.209486789589
277000	-4897.96200066874	-769.1744634118185	-4128.7875372569215	0.6197085665315369	0.619708566531535	2.2368391528033156	0.532146383255734	1.0	1.0	2.0	0.0	-4128.7875372569215
278000	-4890.653860299428	-735.8240804570108	-4154.829779842417	0.5943950250962469	0.5943950250962462	0.6738339338184112	0.1340585300680881	1.0	1.0	2.0	0.0	-4154.829779842417
279000	-4891.9316801709865	-739.7276470071539	-4152.204033163833	0.5970303459487755	0.5970303459487726	1.1988962209792993	0.24467203303996557	1.0	1.0	2.0	0.0	-4152.204033163833
280000	-4896.880786662365	-764.7175992289416	-4132.163187433423	0.6163418027237942	0.6163418027237957	2.0166617073766018	0.47026343734773624	1.0	1.0	2.0	0.0	-4132.163187433423
281000	-4891.48891547702	-752.0122400450599	-4139.47667543196	0.6074886446456131	0.6074886446456164	0.6444115391541237	0.11518589896061945	1.0	1.0	2.0	0.0	-4139.47667543196
282000	-4892.821554274568	-704.2147558166922	-4188.606798457876	0.568568246079877	0.5685682460798738	1.0280983901635457	0.19712002395872777	1.0	1.0	2.0	0.0	-4188.606798457876
283000	-4894.641455010832	-720.5344910232768	-4174.106963987555	0.5795996488244197	0.5795996488244178	3.2598404688556557	0.6054357437127967	1.0	1.0	2.0	0.0	-4174.106963987555
284000	-4892.637688579201	-760.3560709662422	-4132.281617612958	0.6129455626724619	0.6129455626724601	1.974193454581382	0.36257302361947863	1.0	1.0	2.0	0.0	-4132.281617612958
285000	-4892.526800745578	-726.713966339898	-4165.81283440568	0.5860422440094841	0.5860422440094828	1.7013157760719524	0.3542709448001397	1.0	1.0	2.0	0.0	-4165.81283440568
286000	-4892.494042044804	-746.6249834524856	-4145.869058592319	0.6020606086996515	0.60206060869965	1.768992106252871	0.3342364234821458	1.0	1.0	2.0	0.0	-4145.869058592319
287000	-4893.218584519245	-763.8226108912372	-4129.395973628008	0.6156842215496616	0.6156842215496611	2.0383067578333236	0.3690356974990846	1.0	1.0	2.0	0.0	-4129.395973628008
288000	-4892.082074771236	-744.4526905308009	-4147.629384240435	0.6003893163424923	0.6003893163424927	1.68425889214917	0.3191252942531522	1.0	1.0	2.0	0.0	-4147.629384240435
289000	-4898.214582248423	-719.1088778051437	-4179.105704443279	0.5771426272852925	0.5771426272852856	4.44844816937461	1.038069984137399	1.0	1.0	2.0	0.0	-4179.105704443279
290000	-4891.5127288333915	-710.3883564121268	-4181.1243724212645	0.5736261998387621	0.5736261998387635	0.9348994812684414	0.19169555639369837	1.0	1.0	2.0	0.0	-4181.1243724212645
291000	-4893.738401743135	-776.2309149894897	-4117.507486753645	0.6260494545779286	0.6260494545779266	1.6575204119732823	0.30522407271112156	1.0	1.0	2.0	0.0	-4117.507486753645
292000	-4892.25271958385	-747.2384592115687	-4145.014260372282	0.6034772593001756	0.6034772593001736	0.7885241111607811	0.17149741261971105	1.0	1.0	2.0	0.0	-4145.014260372282
293000	-4894.111993008011	-779.0179621637279	-4115.094030844283	0.6281956521621455	0.6281956521621388	1.7424896005420387	0.34603161824132495	1.0	1.0	2.0	0.0	-4115.094030844283
294000	-4892.588527746481	-720.8176977290058	-4171.770830017475	0.5813864238844381	0.5813864238844337	1.6312701166286272	0.3015094196149599	1.0	1.0	2.0	0.0	-4171.770830017475
295000	-4890.998523004099	-745.7645709026418	-4145.233952101457	0.6021324816008944	0.6021324816008914	0.964973756985519	0.18871793134043421	1.0	1.0	2.0	0.0	-4145.233952101457
296000	-4892.541004437026	-732.0690746575109	-4160.4719297795145	0.5902904688909227	0.5902904688909221	1.788692743317883	0.3540079213409245	1.0	1.0	2.0	0.0	-4160.4719297795145
297000	-4895.706528414944	-748.1286531764882	-4147.577875238456	0.6029375885895522	0.6029375885895537	2.0620976664868764	0.4573228996997694	1.0	1.0	2.0	0.0	-4147.577875238456
298000	-4891.874681717617	-712.7892225473049	-4179.085459170312	0.5751172986244123	0.5751172986244097	1.3969201344615914	0.2814794790792306	1.0	1.0	2.0	0.0	-4179.085459170312
299000	-4891.064086672183	-741.5709185276343	-4149.493168144549	0.5991856553415388	0.5991856553415366	0.5079768379012088	0.10621055431546536	1.0	1.0	2.0	0.0	-4149.493168144549
300000	-4893.66385532749	-749.3106829929636	-4144.353172334526	0.6044841021789097	0.6044841021789125	1.4636620620103264	0.32007414888905883	1.0	1.0	2.0	0.0	-4144.353172334526
