# BEAST v1.10.5 Prerelease #23570d1
# Generated Tue Sep 13 12:56:02 CEST 2022 [seed=1663066532401]
# O-BA1_DTA.xml
state	joint	prior	likelihood	location.clock.rate	location.meanRate	location.rates.NYC_counties.other	location.rates.other.NYC_counties	location.indicators.NYC_counties.other	location.indicators.other.NYC_counties	location.nonZeroRates	location.branchRates	location.treeLikelihood
0	-14458.922590679987	-2454.1985473073073	-12004.72404337268	1.0	1.0	1.0	1.0	1.0	1.0	2.0	0.0	-12004.72404337268
1000	-13820.449075816516	-1078.4523080579525	-12741.996767758563	0.43905847458033814	0.43905847458032915	0.7410428950938206	2.382641772471418	1.0	1.0	2.0	0.0	-12741.996767758563
2000	-13819.376200330118	-1051.475586220909	-12767.900614109209	0.42830238692111494	0.4283023869211134	0.5874548930274592	1.9655818208503728	1.0	1.0	2.0	0.0	-12767.900614109209
3000	-13822.046345686796	-1054.9719506602403	-12767.074395026557	0.42882705032827395	0.42882705032826823	1.0582077385989022	3.7031434781950336	1.0	1.0	2.0	0.0	-12767.074395026557
4000	-13821.254948145348	-1055.8145681660667	-12765.440379979282	0.42921840637806663	0.4292184063780607	1.0467122041736907	3.596476954981187	1.0	1.0	2.0	0.0	-12765.440379979282
5000	-13819.150113791917	-1044.0356768765662	-12775.11443691535	0.4255193534675895	0.42551935346758757	0.4342297497418665	1.5112640842518417	1.0	1.0	2.0	0.0	-12775.11443691535
6000	-13818.282300790801	-1026.8163033531357	-12791.465997437665	0.4189829174380033	0.4189829174379988	0.16160461652699523	0.6115961701937973	1.0	1.0	2.0	0.0	-12791.465997437665
7000	-13818.364414965055	-1027.28836175482	-12791.076053210236	0.41912763051507135	0.4191276305150677	0.19273598392907212	0.6972484182018446	1.0	1.0	2.0	0.0	-12791.076053210236
8000	-13818.690553693154	-1064.9021501675804	-12753.788403525574	0.4342903409526731	0.4342903409526731	0.29820844618261544	0.9809946874862556	1.0	1.0	2.0	0.0	-12753.788403525574
9000	-13818.967997457756	-1082.2484035731754	-12736.71959388458	0.4413744815446158	0.4413744815446155	0.3034800881001435	0.9305688959540632	1.0	1.0	2.0	0.0	-12736.71959388458
10000	-13819.054938705904	-1037.8407091278525	-12781.21422957805	0.4234173207089136	0.4234173207089104	0.21723945642555537	0.6938058189782451	1.0	1.0	2.0	0.0	-12781.21422957805
11000	-13818.371706834294	-1023.9985238030495	-12794.373183031244	0.41801173685745824	0.4180117368574548	0.06883284585378911	0.27086632762971014	1.0	1.0	2.0	0.0	-12794.373183031244
12000	-13818.017916977411	-1065.9866970265487	-12752.031219950863	0.43473880287341315	0.4347388028734103	0.2834848189595637	0.9792972355816125	1.0	1.0	2.0	0.0	-12752.031219950863
13000	-13822.144421696661	-1112.316865358244	-12709.827556338418	0.45306855881978825	0.45306855881978675	0.643914054209829	1.9501770729503538	1.0	1.0	2.0	0.0	-12709.827556338418
14000	-13820.721693986967	-1003.3189939655956	-12817.402700021372	0.40940761988081054	0.40940761988080465	0.1527424805918595	0.6309157081930149	1.0	1.0	2.0	0.0	-12817.402700021372
15000	-13823.013886005087	-1101.458581084381	-12721.555304920705	0.44904533871019725	0.44904533871018854	0.33078702894628037	1.2818009143773461	1.0	1.0	2.0	0.0	-12721.555304920705
16000	-13820.102766316257	-1039.8759335321583	-12780.226832784097	0.4236413189939453	0.42364131899394025	0.5524161327817328	1.8439341071526647	1.0	1.0	2.0	0.0	-12780.226832784097
17000	-13817.91868191313	-1088.415245802996	-12729.503436110133	0.4442758108314738	0.4442758108314719	0.06470813158296328	0.2135216447498303	1.0	1.0	2.0	0.0	-12729.503436110133
18000	-13818.80311162059	-1048.3206463703673	-12770.482465250221	0.4272479565730469	0.42724795657304365	0.45112183088451807	1.5356063640442053	1.0	1.0	2.0	0.0	-12770.482465250221
19000	-13819.49477819052	-1064.3741679225507	-12755.120610267968	0.43375080554983353	0.43375080554983436	0.44499533166560257	1.6307783661134814	1.0	1.0	2.0	0.0	-12755.120610267968
20000	-13820.466036810965	-1069.7561702119733	-12750.709866598992	0.4358085903696387	0.4358085903696343	0.5373688003943273	1.868574779938279	1.0	1.0	2.0	0.0	-12750.709866598992
21000	-13819.151154079878	-1051.549183348539	-12767.601970731339	0.4288380249898324	0.42883802498983087	0.3157720586277183	0.9958690337333622	1.0	1.0	2.0	0.0	-12767.601970731339
22000	-13820.048917730308	-1076.5726272160784	-12743.476290514229	0.4384851327381714	0.4384851327381707	0.6002416112840474	2.0513022660368936	1.0	1.0	2.0	0.0	-12743.476290514229
23000	-13819.894503269514	-1005.2326041318797	-12814.661899137634	0.41005643921775586	0.4100564392177454	0.2328317361917018	0.8715487809654591	1.0	1.0	2.0	0.0	-12814.661899137634
24000	-13818.012755787955	-1051.0544472806012	-12766.958308507354	0.42871082918062386	0.42871082918062187	0.2531484482287164	0.87602252354071	1.0	1.0	2.0	0.0	-12766.958308507354
25000	-13819.393033966835	-1024.2690608119258	-12795.123973154909	0.41776160711037397	0.4177616071103683	0.24412174425565533	0.9801910303051501	1.0	1.0	2.0	0.0	-12795.123973154909
26000	-13818.815040103822	-1039.015265373655	-12779.799774730167	0.4235699778255215	0.42356997782551736	0.3878792767878287	1.3229465204409676	1.0	1.0	2.0	0.0	-12779.799774730167
27000	-13817.357139700138	-1043.4132110684118	-12773.943928631727	0.4258883641724443	0.4258883641724351	0.09188748513707348	0.32521547256861977	1.0	1.0	2.0	0.0	-12773.943928631727
28000	-13820.94391375162	-1066.563415238542	-12754.380498513077	0.4340551697566123	0.4340551697566021	0.8482112099123864	2.6695993071626396	1.0	1.0	2.0	0.0	-12754.380498513077
29000	-13818.604214250105	-1072.1937057542184	-12746.410508495886	0.4371796823178515	0.4371796823178527	0.35592872287512045	1.1215454012361523	1.0	1.0	2.0	0.0	-12746.410508495886
30000	-13818.924692685265	-1065.9225039317325	-12753.002188753531	0.43478257320395663	0.43478257320395214	0.26112313760328787	0.8300102823071629	1.0	1.0	2.0	0.0	-12753.002188753531
31000	-13820.72284602755	-1017.1764068096362	-12803.546439217913	0.41452180280970213	0.414521802809702	0.45562035727887884	1.6298786846638194	1.0	1.0	2.0	0.0	-12803.546439217913
32000	-13818.309823021966	-1059.4540944253074	-12758.855728596658	0.4321395646033242	0.43213956460332803	0.25265072797316096	0.8586308843683856	1.0	1.0	2.0	0.0	-12758.855728596658
33000	-13824.542846907972	-1073.6620709626495	-12750.880775945323	0.4355896195528308	0.435589619552829	1.432749481098044	5.416664552744896	1.0	1.0	2.0	0.0	-12750.880775945323
34000	-13819.956069763391	-1084.3496641449763	-12735.606405618415	0.44199065422809647	0.4419906542280913	0.43112690108023527	1.3914985736560446	1.0	1.0	2.0	0.0	-12735.606405618415
35000	-13819.111394890595	-1048.4334477398095	-12770.677947150785	0.4275888869454061	0.4275888869454038	0.2761459552753295	0.9863976517797013	1.0	1.0	2.0	0.0	-12770.677947150785
36000	-13820.220711512122	-1026.2709569769256	-12793.949754535197	0.41829540837668744	0.4182954083766843	0.4357933178454839	1.4799165220931987	1.0	1.0	2.0	0.0	-12793.949754535197
37000	-13819.994346734326	-1037.461625060424	-12782.532721673902	0.42295346922823646	0.42295346922822774	0.3280409268535039	1.3426836696637188	1.0	1.0	2.0	0.0	-12782.532721673902
38000	-13817.552550954042	-1078.8464539659005	-12738.706096988142	0.44034589696164406	0.44034589696163834	0.0830951220017784	0.2741484311252907	1.0	1.0	2.0	0.0	-12738.706096988142
39000	-13820.469879035083	-1052.5826762108031	-12767.88720282428	0.428503916225071	0.42850391622507494	0.665641953999287	2.4997297313838476	1.0	1.0	2.0	0.0	-12767.88720282428
40000	-13819.178664487605	-1076.7991650991937	-12742.379499388411	0.43932663238417696	0.43932663238417347	0.16948104776821254	0.6427401732622173	1.0	1.0	2.0	0.0	-12742.379499388411
41000	-13819.777784756183	-1047.9518784359623	-12771.82590632022	0.4266843869936675	0.42668438699366185	0.6762527242503199	2.325274681504099	1.0	1.0	2.0	0.0	-12771.82590632022
42000	-13822.119316199047	-1114.8508572854612	-12707.268458913586	0.4546539411786265	0.4546539411786275	0.276495926359425	0.9595726845126107	1.0	1.0	2.0	0.0	-12707.268458913586
43000	-13818.960182919433	-1076.7341503076427	-12742.22603261179	0.43881248963824127	0.4388124896382414	0.4564020342385775	1.55301173146653	1.0	1.0	2.0	0.0	-12742.22603261179
44000	-13820.282456407003	-1052.7774564151607	-12767.504999991843	0.42906374586158236	0.4290637458615831	0.48592055081783536	1.4998485579530858	1.0	1.0	2.0	0.0	-12767.504999991843
45000	-13821.281055638567	-1031.2226959593693	-12790.058359679197	0.4199013440782172	0.41990134407821733	0.6784180018551206	2.246412457977674	1.0	1.0	2.0	0.0	-12790.058359679197
46000	-13821.27867243776	-1047.844993352484	-12773.433679085276	0.4265141396261997	0.4265141396261994	0.6756725611276017	2.636928376075174	1.0	1.0	2.0	0.0	-12773.433679085276
47000	-13821.847535595884	-1041.7080187422343	-12780.13951685365	0.4236520681308315	0.4236520681308298	0.843788494225196	3.358257653090199	1.0	1.0	2.0	0.0	-12780.13951685365
48000	-13817.37102386665	-1050.064833270813	-12767.306190595837	0.42851411585048366	0.42851411585047766	0.14281171509643575	0.4796769236383362	1.0	1.0	2.0	0.0	-12767.306190595837
49000	-13821.122050968559	-1003.0148454825595	-12818.107205486	0.40873885424326367	0.4087388542432575	0.42577404236618294	1.6955941015452196	1.0	1.0	2.0	0.0	-12818.107205486
50000	-13823.318588092145	-1125.4307252554918	-12697.887862836653	0.45807886501698336	0.45807886501697886	0.8483472208692496	2.5596364405681578	1.0	1.0	2.0	0.0	-12697.887862836653
51000	-13821.443272284889	-1020.0777094042149	-12801.365562880674	0.4155245297929792	0.4155245297929751	0.49485277707027026	2.030213513447585	1.0	1.0	2.0	0.0	-12801.365562880674
52000	-13820.772979801968	-1014.0524043703467	-12806.720575431622	0.4131218804589733	0.4131218804589709	0.4715388470010602	1.9268287087146756	1.0	1.0	2.0	0.0	-12806.720575431622
53000	-13828.079865977781	-1093.5272203874054	-12734.552645590376	0.44243534221293584	0.44243534221293185	2.2016016431117182	7.706886005686326	1.0	1.0	2.0	0.0	-12734.552645590376
54000	-13818.63949229399	-1052.6831236949893	-12765.956368599002	0.42926295646958285	0.42926295646957835	0.29051709095671785	1.1118570963118437	1.0	1.0	2.0	0.0	-12765.956368599002
55000	-13817.430479361914	-1071.8984066516255	-12745.532072710288	0.4375051888922161	0.4375051888922065	0.08667127346810002	0.29639194102945005	1.0	1.0	2.0	0.0	-12745.532072710288
56000	-13820.48731275013	-1094.5388030322383	-12725.948509717891	0.4460212170992341	0.44602121709922965	0.5374119669968513	1.579474280764248	1.0	1.0	2.0	0.0	-12725.948509717891
57000	-13818.05824751658	-1048.9886062793562	-12769.069641237224	0.42817670931238144	0.4281767093123805	0.0810932050850661	0.29350251265513494	1.0	1.0	2.0	0.0	-12769.069641237224
58000	-13819.680236945107	-1075.482870031019	-12744.197366914088	0.43853850577713316	0.4385385057771291	0.29979945191073076	1.1309577128330632	1.0	1.0	2.0	0.0	-12744.197366914088
59000	-13819.114386847592	-1026.8490055515924	-12792.265381296	0.41855916061898024	0.41855916061896975	0.3992443445895215	1.4469942206776687	1.0	1.0	2.0	0.0	-12792.265381296
60000	-13818.698364520913	-1018.4100012912082	-12800.288363229705	0.4155516671294517	0.4155516671294483	0.16959041870525965	0.6211445394605662	1.0	1.0	2.0	0.0	-12800.288363229705
61000	-13820.677167026335	-1028.7002372987486	-12791.976929727587	0.41917226580004013	0.4191722658000338	0.49572400941320727	1.6965550341597477	1.0	1.0	2.0	0.0	-12791.976929727587
62000	-13823.006401601686	-1081.0333019230955	-12741.973099678591	0.4405275021582935	0.4405275021582906	0.5667376824395761	1.5315183410246744	1.0	1.0	2.0	0.0	-12741.973099678591
63000	-13820.083045264419	-1052.2290891325117	-12767.853956131907	0.428424739447956	0.4284247394479478	0.689055091618091	2.317108716856554	1.0	1.0	2.0	0.0	-12767.853956131907
64000	-13818.42318127203	-1074.8414263013394	-12743.58175497069	0.4382996107087243	0.43829961070871754	0.3199867180210972	1.0558084243859323	1.0	1.0	2.0	0.0	-12743.58175497069
65000	-13818.854937012757	-1068.5709092772795	-12750.284027735477	0.43603150320528733	0.43603150320528694	0.1439129301577586	0.529522551800749	1.0	1.0	2.0	0.0	-12750.284027735477
66000	-13820.032769903639	-1067.861745902091	-12752.171024001547	0.43498757567412666	0.4349875756741171	0.5621316524134924	1.9649656526651762	1.0	1.0	2.0	0.0	-12752.171024001547
67000	-13821.552896396286	-1089.8921272530015	-12731.660769143284	0.44387268886784537	0.4438726888678405	0.6582506805324397	2.0865095176471105	1.0	1.0	2.0	0.0	-12731.660769143284
68000	-13822.096250953779	-1015.893434211414	-12806.202816742365	0.4138717479456977	0.4138717479456925	0.5560263322767494	1.8424126866645072	1.0	1.0	2.0	0.0	-12806.202816742365
69000	-13823.26703326429	-1019.9775111036258	-12803.289522160665	0.4145524391320516	0.41455243913204176	1.0795569873300535	3.731832893461436	1.0	1.0	2.0	0.0	-12803.289522160665
70000	-13822.871917531302	-1088.0667810206578	-12734.805136510644	0.4431459091574382	0.4431459091574324	0.7144831127321444	1.9891482322364111	1.0	1.0	2.0	0.0	-12734.805136510644
71000	-13819.948949022297	-1075.2356412500653	-12744.713307772232	0.43799784672180136	0.43799784672180003	0.6028587544664331	1.9079749550471963	1.0	1.0	2.0	0.0	-12744.713307772232
72000	-13818.449692573555	-1070.44518965455	-12748.004502919004	0.43664893980729075	0.4366489398072851	0.2201839766711323	0.8117363644557564	1.0	1.0	2.0	0.0	-12748.004502919004
73000	-13820.383001673308	-1035.3525343327744	-12785.030467340534	0.42164417409144395	0.4216441740914357	0.641030901120191	2.1349483684315658	1.0	1.0	2.0	0.0	-12785.030467340534
74000	-13819.226935523111	-1069.7594312021783	-12749.467504320934	0.4363200621113041	0.4363200621112981	0.2473025138990381	0.9062479537331134	1.0	1.0	2.0	0.0	-12749.467504320934
75000	-13818.232191401325	-1088.0316326604843	-12730.20055874084	0.4439339915101651	0.4439339915101611	0.1775955535299721	0.5561743879720804	1.0	1.0	2.0	0.0	-12730.20055874084
76000	-13817.955969476046	-1030.621261349053	-12787.334708126993	0.4206233121875628	0.4206233121875581	0.12448336528100909	0.42646238552121674	1.0	1.0	2.0	0.0	-12787.334708126993
77000	-13822.65914687715	-1076.7060886104923	-12745.953058266658	0.43753683481367667	0.43753683481367095	1.146324235235699	3.9667308800239214	1.0	1.0	2.0	0.0	-12745.953058266658
78000	-13821.258367508533	-1018.5996526757717	-12802.658714832762	0.4148404054291059	0.4148404054291015	0.5327802544530407	2.193782005795147	1.0	1.0	2.0	0.0	-12802.658714832762
79000	-13819.468106382996	-1095.0288046001388	-12724.439301782857	0.4467625655981224	0.446762565598124	0.17236750640142667	0.6145424888773139	1.0	1.0	2.0	0.0	-12724.439301782857
80000	-13823.09383467608	-1053.8697888693853	-12769.224045806694	0.4282446616880159	0.4282446616880169	1.2294436005547502	3.8595113947721638	1.0	1.0	2.0	0.0	-12769.224045806694
81000	-13818.313126852157	-1031.0420703015334	-12787.271056550624	0.4209475405586457	0.4209475405586426	0.04133798908557379	0.1344282839231478	1.0	1.0	2.0	0.0	-12787.271056550624
82000	-13819.074893468412	-1074.1314941095593	-12744.943399358854	0.43798469284937586	0.43798469284936864	0.3067746516914746	1.1322043757158458	1.0	1.0	2.0	0.0	-12744.943399358854
83000	-13819.168453254155	-1075.1755865316647	-12743.99286672249	0.4381779031039294	0.4381779031039251	0.44620791790530195	1.5625367851134107	1.0	1.0	2.0	0.0	-12743.99286672249
84000	-13820.933215769817	-1040.8783010857644	-12780.054914684053	0.4237390064682661	0.42373900646826385	0.6792010785514274	2.479692417509835	1.0	1.0	2.0	0.0	-12780.054914684053
85000	-13820.464645580856	-1103.0731105444197	-12717.391535036437	0.44973588063509645	0.4497358806350946	0.387393048269016	1.1444795910775236	1.0	1.0	2.0	0.0	-12717.391535036437
86000	-13822.35254804209	-1056.5895491662322	-12765.762998875858	0.42923068551470356	0.42923068551470345	1.154097694011038	4.233927177124218	1.0	1.0	2.0	0.0	-12765.762998875858
87000	-13817.89776884588	-1031.4786826114614	-12786.419086234419	0.42109949412324693	0.42109949412324643	0.051439756218236335	0.18788928188960974	1.0	1.0	2.0	0.0	-12786.419086234419
88000	-13818.414157105835	-1086.1517882910866	-12732.262368814749	0.4430502834386804	0.44305028343867187	0.2332017202475935	0.7901946072191808	1.0	1.0	2.0	0.0	-12732.262368814749
89000	-13818.046456940276	-1079.4352259739353	-12738.61123096634	0.4405303564487758	0.4405303564487722	0.1171758743212856	0.3759970003701038	1.0	1.0	2.0	0.0	-12738.61123096634
90000	-13820.780189114987	-1080.9397946740582	-12739.840394440927	0.4400038243109116	0.440003824310906	0.7734766389463605	2.516886282570727	1.0	1.0	2.0	0.0	-12739.840394440927
91000	-13821.06473025873	-1067.7876782973983	-12753.277051961331	0.434426982471491	0.43442698247148903	0.8208427804101571	3.0084353496474137	1.0	1.0	2.0	0.0	-12753.277051961331
92000	-13824.138127316146	-1052.9353335501598	-12771.202793765986	0.4270508767763699	0.4270508767763696	1.631335863517173	5.45391165160608	1.0	1.0	2.0	0.0	-12771.202793765986
93000	-13819.56919950782	-1076.3067829360482	-12743.262416571772	0.4384174616997007	0.43841746169969736	0.596796911868403	1.9550334686496385	1.0	1.0	2.0	0.0	-12743.262416571772
94000	-13822.075207872342	-1017.4764719549024	-12804.59873591744	0.4142418957768745	0.4142418957768742	0.6450395808035916	2.427708227635847	1.0	1.0	2.0	0.0	-12804.59873591744
95000	-13824.895704034318	-1047.6115939707906	-12777.284110063527	0.42700983270465553	0.4270098327046541	0.49084485621767443	1.3714265471418858	1.0	1.0	2.0	0.0	-12777.284110063527
96000	-13822.824624889738	-1089.8190706816836	-12733.005554208054	0.4431166332476997	0.44311663324769623	1.090315229125822	3.4374770834764754	1.0	1.0	2.0	0.0	-12733.005554208054
97000	-13821.188981024747	-1074.4477953612761	-12746.74118566347	0.43699926898735336	0.43699926898735025	0.9446512953851237	3.229823494278469	1.0	1.0	2.0	0.0	-12746.74118566347
98000	-13820.295445067262	-1072.6962269236008	-12747.599218143661	0.4374158824247371	0.43741588242473234	0.2853358115529727	1.1147931502882842	1.0	1.0	2.0	0.0	-12747.599218143661
99000	-13820.385769383594	-1099.6125753429694	-12720.773194040625	0.44794324855764855	0.4479432485576425	0.5853575040743272	1.8868015581235833	1.0	1.0	2.0	0.0	-12720.773194040625
100000	-13818.97307009732	-1077.298647547046	-12741.674422550273	0.43908610325261244	0.43908610325260267	0.445026715890972	1.4571697547636255	1.0	1.0	2.0	0.0	-12741.674422550273
101000	-13816.804516548882	-1063.7028113408212	-12753.10170520806	0.4342499255166695	0.43424992551666014	0.04034769729231619	0.13873598349065702	1.0	1.0	2.0	0.0	-12753.10170520806
102000	-13817.542168970338	-1031.8635351186372	-12785.678633851701	0.4211336246297052	0.4211336246297046	0.1141026059919805	0.42628775892936654	1.0	1.0	2.0	0.0	-12785.678633851701
103000	-13821.682395562284	-1065.9328837900541	-12755.74951177223	0.4341246768612067	0.4341246768612081	0.6891165737683868	2.027523416727387	1.0	1.0	2.0	0.0	-12755.74951177223
104000	-13819.062852035195	-1060.164823273933	-12758.898028761261	0.43248764854300725	0.43248764854300176	0.23875467910504383	0.7287123877858573	1.0	1.0	2.0	0.0	-12758.898028761261
105000	-13819.001250177573	-1069.2230949696207	-12749.778155207952	0.43574070973124895	0.4357407097312458	0.4474676856868775	1.5920464737861921	1.0	1.0	2.0	0.0	-12749.778155207952
106000	-13820.434479270047	-1095.982501013616	-12724.451978256431	0.44680882493848584	0.4468088249384826	0.3638284414555936	1.2632133756045334	1.0	1.0	2.0	0.0	-12724.451978256431
107000	-13817.071882967255	-1043.2759850143007	-12773.795897952954	0.4258545809418213	0.42585458094182116	0.0792177757577906	0.28359729016534246	1.0	1.0	2.0	0.0	-12773.795897952954
108000	-13821.168728841343	-1059.791598186615	-12761.377130654728	0.43105733850247135	0.43105733850246863	0.9309873803198745	3.1746568198384666	1.0	1.0	2.0	0.0	-12761.377130654728
109000	-13820.390404127622	-1073.5887835185924	-12746.801620609029	0.4368651751399543	0.43686517513994877	0.840128074254983	2.8045325971124138	1.0	1.0	2.0	0.0	-12746.801620609029
110000	-13822.635227657873	-1075.5502725647646	-12747.084955093109	0.43677293381459914	0.43677293381459636	1.3404926002792599	4.492107761024007	1.0	1.0	2.0	0.0	-12747.084955093109
111000	-13821.765988201216	-1071.4587685972976	-12750.307219603917	0.43643249200192674	0.43643249200192824	0.6485772258478743	1.9282973309732405	1.0	1.0	2.0	0.0	-12750.307219603917
112000	-13823.509941111415	-1026.3457883276878	-12797.164152783727	0.41734519687944943	0.4173451968794461	0.9987046332426746	3.324636594968357	1.0	1.0	2.0	0.0	-12797.164152783727
113000	-13817.315915862366	-1047.2607571350236	-12770.055158727342	0.42753622859454177	0.4275362285945368	0.048477879721134785	0.17065164556051707	1.0	1.0	2.0	0.0	-12770.055158727342
114000	-13819.180370423863	-1058.9914601870773	-12760.188910236786	0.4316538831950075	0.4316538831950092	0.41659712168563007	1.4243949156714097	1.0	1.0	2.0	0.0	-12760.188910236786
115000	-13818.23673547849	-1056.6527176524091	-12761.58401782608	0.4311986600509022	0.43119866005089413	0.13208040594565226	0.4877394963340982	1.0	1.0	2.0	0.0	-12761.58401782608
116000	-13819.011919170032	-1063.324244585166	-12755.687674584866	0.43359026103955567	0.433590261039553	0.294995519712684	1.1249897973379965	1.0	1.0	2.0	0.0	-12755.687674584866
117000	-13818.814333730028	-1052.1419987552088	-12766.672334974819	0.4292159530077841	0.4292159530077786	0.2346041080860617	0.7420386658502921	1.0	1.0	2.0	0.0	-12766.672334974819
118000	-13820.649599108046	-1067.8313534237732	-12752.818245684273	0.43480466840783805	0.4348046684078322	0.6852826634432586	2.2604568387217028	1.0	1.0	2.0	0.0	-12752.818245684273
119000	-13820.073058074879	-1096.4533652233376	-12723.619692851542	0.44697951425662735	0.4469795142566235	0.38494252463825523	1.2939289801523313	1.0	1.0	2.0	0.0	-12723.619692851542
120000	-13820.398551362656	-1068.3235604251197	-12752.074990937535	0.4354236767989172	0.43542367679891786	0.4420462698269184	1.4762440035752338	1.0	1.0	2.0	0.0	-12752.074990937535
121000	-13818.034243793547	-1059.920245500147	-12758.1139982934	0.4325620882330399	0.4325620882330396	0.11856511912842356	0.42157534967507315	1.0	1.0	2.0	0.0	-12758.1139982934
122000	-13817.547834444964	-1059.9815130888062	-12757.566321356158	0.4326513719137742	0.43265137191376224	0.09096449147018087	0.29125288663132565	1.0	1.0	2.0	0.0	-12757.566321356158
123000	-13818.637207749765	-1095.4460043532915	-12723.191203396475	0.44716075057717547	0.4471607505771761	0.053925739626058206	0.17265804115602967	1.0	1.0	2.0	0.0	-12723.191203396475
124000	-13820.391131421777	-1054.6681554172728	-12765.722976004505	0.42953689412351853	0.42953689412351376	0.5670825650049703	2.1478063617477425	1.0	1.0	2.0	0.0	-12765.722976004505
125000	-13822.266101623949	-1057.0780377437238	-12765.188063880225	0.42961213910822965	0.42961213910822826	1.1693548332903625	3.7706900064173774	1.0	1.0	2.0	0.0	-12765.188063880225
126000	-13821.79502298586	-1047.1991005771827	-12774.595922408676	0.4259537904433063	0.42595379044330317	0.8787005236185494	3.163669815518492	1.0	1.0	2.0	0.0	-12774.595922408676
127000	-13818.741026897109	-1022.4734578960336	-12796.267569001075	0.4172536113682225	0.4172536113682183	0.14388386427618371	0.5319724688787122	1.0	1.0	2.0	0.0	-12796.267569001075
128000	-13819.16205987702	-1054.35103353024	-12764.81102634678	0.43008675133119345	0.4300867513311856	0.21768888626819877	0.8301792370398751	1.0	1.0	2.0	0.0	-12764.81102634678
129000	-13818.7102819263	-1093.544989674972	-12725.165292251328	0.44611862941043007	0.44611862941042624	0.2131374694140987	0.6707924209378093	1.0	1.0	2.0	0.0	-12725.165292251328
130000	-13821.91904508903	-1103.6027163157257	-12718.316328773304	0.4496674489769434	0.4496674489769364	0.48548096701560145	1.7439935777119655	1.0	1.0	2.0	0.0	-12718.316328773304
131000	-13818.325968289118	-1028.3624820106008	-12789.963486278517	0.4198087859307774	0.4198087859307707	0.06654891765619277	0.22530030984236493	1.0	1.0	2.0	0.0	-12789.963486278517
132000	-13818.62701798979	-1060.4899890117047	-12758.137028978084	0.432628260105292	0.43262826010529015	0.21058723006041138	0.7368453628058718	1.0	1.0	2.0	0.0	-12758.137028978084
133000	-13818.155280357965	-1065.0087045500877	-12753.146575807878	0.4345722018410472	0.43457220184104545	0.15932005319431172	0.5344727394811228	1.0	1.0	2.0	0.0	-12753.146575807878
134000	-13818.661778793208	-1045.942756317853	-12772.719022475356	0.42666606116728606	0.42666606116727984	0.24557615842322492	0.7918191720909759	1.0	1.0	2.0	0.0	-12772.719022475356
135000	-13822.407013732976	-1089.8387698857787	-12732.568243847198	0.44290211268801444	0.442902112688011	1.1861275727989071	3.888004277420057	1.0	1.0	2.0	0.0	-12732.568243847198
136000	-13820.682430469235	-1011.9144280687958	-12808.768002400438	0.41259980415009323	0.4125998041500894	0.2973927797521295	1.2447202464073144	1.0	1.0	2.0	0.0	-12808.768002400438
137000	-13818.253385597814	-1046.1100024530624	-12772.143383144752	0.42671558679605703	0.4267155867960504	0.24070537072380893	0.8423503025634587	1.0	1.0	2.0	0.0	-12772.143383144752
138000	-13819.0956768625	-1019.250814655022	-12799.844862207477	0.4156417327709221	0.4156417327709232	0.2882330934191889	1.1222005816396627	1.0	1.0	2.0	0.0	-12799.844862207477
139000	-13821.120074429582	-1033.647972803989	-12787.472101625593	0.4205710526350916	0.4205710526350917	0.8324493358991629	2.8735063528177256	1.0	1.0	2.0	0.0	-12787.472101625593
140000	-13822.78788001308	-1120.2699429414317	-12702.517937071649	0.4560972468560635	0.45609724685605585	0.7370053941875112	2.374929075672444	1.0	1.0	2.0	0.0	-12702.517937071649
141000	-13818.859442545643	-1093.5215105529087	-12725.337931992735	0.4460741125160672	0.44607411251606394	0.23764942004873021	0.7320883906687756	1.0	1.0	2.0	0.0	-12725.337931992735
142000	-13818.633103286202	-1048.036189180263	-12770.59691410594	0.42739853266266936	0.42739853266266054	0.3038532800034415	1.0287525494288954	1.0	1.0	2.0	0.0	-12770.59691410594
143000	-13821.244163389701	-1088.7347811224347	-12732.509382267266	0.4429664243110851	0.4429664243110836	0.9141359939933079	2.898124336502011	1.0	1.0	2.0	0.0	-12732.509382267266
144000	-13819.443915505215	-1020.4814417308601	-12798.962473774354	0.41595618292106806	0.4159561829210674	0.392294448801049	1.4767791578756095	1.0	1.0	2.0	0.0	-12798.962473774354
145000	-13820.272650514238	-1107.0816486116585	-12713.19100190258	0.45162206143083994	0.45162206143084066	0.20436048894564252	0.7055797686478209	1.0	1.0	2.0	0.0	-12713.19100190258
146000	-13819.558075535913	-1035.0138016743917	-12784.544273861522	0.4218432330176429	0.4218432330176442	0.3904477678112189	1.5581049409370036	1.0	1.0	2.0	0.0	-12784.544273861522
147000	-13821.543931373275	-1057.327464232509	-12764.216467140766	0.4300339506508317	0.4300339506508303	0.8565217904997313	3.2974026191182437	1.0	1.0	2.0	0.0	-12764.216467140766
148000	-13820.953888335545	-1064.6017788210522	-12756.352109514493	0.43380475293029586	0.4338047529302901	0.5405960555595613	1.6303483473157665	1.0	1.0	2.0	0.0	-12756.352109514493
149000	-13818.515379635088	-1030.9748703339194	-12787.540509301169	0.4204491335585209	0.4204491335585142	0.2772013866719967	1.0549661850304064	1.0	1.0	2.0	0.0	-12787.540509301169
150000	-13819.952198228137	-1058.609600049944	-12761.342598178193	0.43130321578780756	0.4313032157878004	0.4814482879327468	1.8385701841633917	1.0	1.0	2.0	0.0	-12761.342598178193
151000	-13821.55360243535	-1060.3054733767408	-12761.24812905861	0.431412470019807	0.4314124700198077	0.8779252262918843	2.869747993575714	1.0	1.0	2.0	0.0	-12761.24812905861
152000	-13823.880783416302	-1039.975119236875	-12783.905664179427	0.4225728082127942	0.4225728082127872	1.0970780186879066	4.021670564471493	1.0	1.0	2.0	0.0	-12783.905664179427
153000	-13818.98755999317	-1047.2984708016609	-12771.689089191508	0.4269725676227069	0.4269725676227025	0.35268769480488693	1.2879465661550222	1.0	1.0	2.0	0.0	-12771.689089191508
154000	-13817.735623954703	-1051.086902103647	-12766.648721851056	0.4288874276368995	0.42888742763689597	0.16626399911709744	0.5618122701029727	1.0	1.0	2.0	0.0	-12766.648721851056
155000	-13820.389361252941	-1032.268535578958	-12788.120825673983	0.42090895291465913	0.42090895291465924	0.31640368753876097	1.1805614391618429	1.0	1.0	2.0	0.0	-12788.120825673983
156000	-13821.747523760308	-1063.9431201322009	-12757.804403628108	0.433486454300308	0.43348645430030786	0.5516464690582948	1.7420588021086325	1.0	1.0	2.0	0.0	-12757.804403628108
157000	-13818.279079816402	-1060.8430223950302	-12757.436057421372	0.43252826406882905	0.43252826406882766	0.34724718469507104	1.1987082209708733	1.0	1.0	2.0	0.0	-12757.436057421372
158000	-13820.319746101604	-1087.4764254785343	-12732.84332062307	0.4429214293641186	0.4429214293641127	0.5935112906542241	2.070854395676318	1.0	1.0	2.0	0.0	-12732.84332062307
159000	-13819.107022154116	-1036.4838995701712	-12782.623122583944	0.42258862202686664	0.42258862202686237	0.3226534546444335	1.2660522486717607	1.0	1.0	2.0	0.0	-12782.623122583944
160000	-13822.555042488697	-1123.511487897329	-12699.043554591368	0.45754077261991477	0.45754077261990983	0.699446121761521	2.1102782175515222	1.0	1.0	2.0	0.0	-12699.043554591368
161000	-13820.718375265415	-1078.439639605458	-12742.278735659957	0.4400485757289991	0.4400485757289993	0.17039773066584715	0.5099466423194174	1.0	1.0	2.0	0.0	-12742.278735659957
162000	-13820.055261173959	-1024.818864818578	-12795.23639635538	0.41795682553490293	0.4179568255348996	0.2863553257770336	1.0084939148690442	1.0	1.0	2.0	0.0	-12795.23639635538
163000	-13819.310971072919	-1095.7358710196586	-12723.57510005326	0.4467592872974907	0.44675928729748543	0.360443580105003	1.1415809149123242	1.0	1.0	2.0	0.0	-12723.57510005326
164000	-13818.555701755398	-1062.6007416555863	-12755.954960099813	0.433206343497462	0.4332063434974592	0.359184451122468	1.2798114373798726	1.0	1.0	2.0	0.0	-12755.954960099813
165000	-13817.697791551434	-1038.116090430524	-12779.581701120911	0.42366484101660473	0.42366484101660207	0.11982061591797684	0.45893958157774234	1.0	1.0	2.0	0.0	-12779.581701120911
166000	-13819.560640617452	-1039.6228770126668	-12779.937763604785	0.4241952695933554	0.4241952695933497	0.14971706276784258	0.6336195095569286	1.0	1.0	2.0	0.0	-12779.937763604785
167000	-13819.659443665516	-1093.9733422703978	-12725.686101395118	0.4460332604507467	0.44603326045074343	0.36483324762124864	1.1570263312492701	1.0	1.0	2.0	0.0	-12725.686101395118
168000	-13819.691400335134	-1034.6509577626066	-12785.040442572526	0.42149276657787704	0.4214927665778758	0.5206236104386169	1.9254878333149101	1.0	1.0	2.0	0.0	-12785.040442572526
169000	-13817.126102817849	-1070.6871031898404	-12746.438999628008	0.43701758014445874	0.4370175801444522	0.08444724861445457	0.28438184730878463	1.0	1.0	2.0	0.0	-12746.438999628008
170000	-13819.002938816315	-1048.7923379068457	-12770.21060090947	0.4276252380785893	0.42762523807858294	0.3253360167063254	1.206855542325441	1.0	1.0	2.0	0.0	-12770.21060090947
171000	-13823.012345677704	-1025.795028186748	-12797.217317490957	0.41796670836711064	0.4179667083671059	0.4931808443647487	1.7535690949259573	1.0	1.0	2.0	0.0	-12797.217317490957
172000	-13819.655572322195	-1079.0750341956227	-12740.580538126573	0.4396693622479018	0.4396693622479034	0.517737071295402	1.7289605470953175	1.0	1.0	2.0	0.0	-12740.580538126573
173000	-13821.801934014757	-1050.5624970295046	-12771.239436985252	0.42846086750737133	0.4284608675073637	0.322447642642727	0.9284295773930269	1.0	1.0	2.0	0.0	-12771.239436985252
174000	-13819.859373212701	-1088.0211320630397	-12731.83824114966	0.44393797148607717	0.44393797148607106	0.18559653791995406	0.5279021164027359	1.0	1.0	2.0	0.0	-12731.83824114966
175000	-13820.925078081715	-1070.838694224472	-12750.086383857242	0.4356998281854795	0.4356998281854668	0.8079008505614624	2.947576074443856	1.0	1.0	2.0	0.0	-12750.086383857242
176000	-13819.76318262978	-1032.0510953539656	-12787.712087275815	0.42041737904867416	0.42041737904867166	0.5250646671719338	1.9612860397461118	1.0	1.0	2.0	0.0	-12787.712087275815
177000	-13819.087428532286	-1073.9144368424259	-12745.17299168986	0.43784595017453143	0.4378459501745361	0.36200764613017294	1.2005242608816022	1.0	1.0	2.0	0.0	-12745.17299168986
178000	-13819.735647665511	-1060.3951043020018	-12759.340543363509	0.43207435507240527	0.4320743550723989	0.48339863598855926	1.7289817858536523	1.0	1.0	2.0	0.0	-12759.340543363509
179000	-13824.709176342038	-999.8365867639083	-12824.87258957813	0.4071769942392743	0.4071769942392719	0.6436373956957371	2.1339341705813424	1.0	1.0	2.0	0.0	-12824.87258957813
180000	-13818.890612652693	-1060.35326631278	-12758.537346339912	0.43214457755185576	0.4321445775518504	0.46369153389922857	1.5344552135338387	1.0	1.0	2.0	0.0	-12758.537346339912
181000	-13817.801673564223	-1051.180222735814	-12766.621450828408	0.42878672704871	0.42878672704870907	0.2316237927128561	0.8369932221577507	1.0	1.0	2.0	0.0	-12766.621450828408
182000	-13822.291488325498	-1118.8603942565467	-12703.431094068952	0.455698204068175	0.45569820406817063	0.675652577382026	2.0063563070172576	1.0	1.0	2.0	0.0	-12703.431094068952
183000	-13820.737782256272	-1050.2037886043768	-12770.533993651896	0.42857322170302287	0.4285732217030242	0.15774888425477818	0.4585900734025493	1.0	1.0	2.0	0.0	-12770.533993651896
184000	-13819.655185195	-1016.7191310415478	-12802.936054153453	0.4145185398847985	0.41451853988479487	0.32793266292751533	1.3083012284546514	1.0	1.0	2.0	0.0	-12802.936054153453
185000	-13822.876241147453	-1076.1852454401078	-12746.690995707346	0.43702885749980913	0.43702885749981146	1.3356610058123894	4.503624660310645	1.0	1.0	2.0	0.0	-12746.690995707346
186000	-13820.376600725642	-1028.2767380947887	-12792.099862630854	0.4192258748753147	0.41922587487531027	0.3125183403853578	1.3246496921187467	1.0	1.0	2.0	0.0	-12792.099862630854
187000	-13820.75865971492	-1098.8365739676528	-12721.922085747266	0.44806230096235594	0.4480623009623499	0.34346317848936425	1.060426592738572	1.0	1.0	2.0	0.0	-12721.922085747266
188000	-13818.032462211871	-1055.473574515625	-12762.558887696247	0.4305058763474289	0.4305058763474256	0.26661310333099947	0.8748450423004489	1.0	1.0	2.0	0.0	-12762.558887696247
189000	-13819.415374213931	-1034.1747764500753	-12785.240597763855	0.42147777441132067	0.4214777744113171	0.45301481745143707	1.5537214127960504	1.0	1.0	2.0	0.0	-12785.240597763855
190000	-13819.49032465309	-1055.5339715120665	-12763.956353141024	0.4304760268891432	0.430476026889143	0.3130875920989884	0.962047886594993	1.0	1.0	2.0	0.0	-12763.956353141024
191000	-13819.594110137105	-1032.8813141013397	-12786.712796035765	0.4212985873301594	0.42129858733015685	0.27022881865898796	0.8829533418008795	1.0	1.0	2.0	0.0	-12786.712796035765
192000	-13818.867137702004	-1070.220281824969	-12748.646855877034	0.4365909481230976	0.4365909481230899	0.21003585915448275	0.7393451294286966	1.0	1.0	2.0	0.0	-12748.646855877034
193000	-13817.881676308942	-1028.4591168899867	-12789.422559418956	0.41969540283272466	0.41969540283272083	0.1396315714975614	0.5272110931887642	1.0	1.0	2.0	0.0	-12789.422559418956
194000	-13819.827213801751	-1088.3287565221513	-12731.4984572796	0.4442105507622204	0.44421055076221705	0.09043113684856945	0.2615202997449867	1.0	1.0	2.0	0.0	-12731.4984572796
195000	-13818.611301636201	-1057.261452537329	-12761.349849098873	0.43115338932075475	0.43115338932075215	0.28433302057026966	1.055361199005078	1.0	1.0	2.0	0.0	-12761.349849098873
196000	-13817.87868232566	-1037.7471872321632	-12780.131495093496	0.4234163181163083	0.4234163181163157	0.17187685996131674	0.6481079012507055	1.0	1.0	2.0	0.0	-12780.131495093496
197000	-13823.047111144402	-1126.1702035871083	-12696.876907557295	0.4585016287068274	0.4585016287068287	0.7586404774215911	2.350967624185007	1.0	1.0	2.0	0.0	-12696.876907557295
198000	-13816.983130630559	-1049.4670335345877	-12767.516097095971	0.42849298708194866	0.42849298708194145	0.016747130439991056	0.05981295355682597	1.0	1.0	2.0	0.0	-12767.516097095971
199000	-13819.155568490649	-1076.6372177314006	-12742.518350759248	0.4391619971620382	0.4391619971620388	0.2393847555051471	0.8150642970669619	1.0	1.0	2.0	0.0	-12742.518350759248
200000	-13817.861137055506	-1045.4551251981534	-12772.406011857352	0.42643041179949726	0.4264304117994941	0.2481282120287652	0.8801570676278884	1.0	1.0	2.0	0.0	-12772.406011857352
201000	-13818.78446187046	-1071.7556108714723	-12747.028850998988	0.4368663867038174	0.4368663867038145	0.4294556737086196	1.3790579851765274	1.0	1.0	2.0	0.0	-12747.028850998988
202000	-13820.395858758202	-1098.3345870721055	-12722.061271686096	0.4474143864494947	0.4474143864494938	0.5991120475984297	1.8933901571652805	1.0	1.0	2.0	0.0	-12722.061271686096
203000	-13819.865271628985	-1039.551684861664	-12780.31358676732	0.42380850031237804	0.4238085003123753	0.37433748389987787	1.287331315696437	1.0	1.0	2.0	0.0	-12780.31358676732
204000	-13820.947446057882	-1093.2700836057124	-12727.67736245217	0.44556287768478764	0.44556287768478325	0.4907160664249139	1.4826544637461674	1.0	1.0	2.0	0.0	-12727.67736245217
205000	-13817.647693793284	-1035.956074699347	-12781.691619093937	0.4227827798380862	0.4227827798380822	0.1308284433457306	0.4533913413500844	1.0	1.0	2.0	0.0	-12781.691619093937
206000	-13818.465764486586	-1045.3483529422797	-12773.117411544306	0.4261757796140188	0.42617577961401487	0.36760422242125	1.2790330099835951	1.0	1.0	2.0	0.0	-12773.117411544306
207000	-13818.785157898577	-1055.05885373131	-12763.726304167267	0.42992286591729095	0.4299228659172875	0.48892955924097387	1.6690972131823067	1.0	1.0	2.0	0.0	-12763.726304167267
208000	-13820.343452411626	-1057.750947274377	-12762.592505137249	0.43153788668693566	0.4315378866869338	0.17010543967760403	0.7151444430134964	1.0	1.0	2.0	0.0	-12762.592505137249
209000	-13821.40418370511	-1100.2653462504695	-12721.13883745464	0.4479547920392974	0.4479547920392928	0.7137137398239674	2.3828775372349007	1.0	1.0	2.0	0.0	-12721.13883745464
210000	-13822.56801913561	-1076.9210641624325	-12745.646954973177	0.43890920671586	0.43890920671585537	0.5245386090418546	1.434350998764988	1.0	1.0	2.0	0.0	-12745.646954973177
211000	-13819.449587730856	-1058.9405873672247	-12760.509000363632	0.4313921506542605	0.4313921506542566	0.5398102868442484	1.8928608592468659	1.0	1.0	2.0	0.0	-12760.509000363632
212000	-13820.978892188752	-1056.6991044134668	-12764.279787775286	0.4301283576696425	0.43012835766963864	0.7620215836583629	2.531773935254713	1.0	1.0	2.0	0.0	-12764.279787775286
213000	-13821.882235377163	-1056.8541404290559	-12765.028094948108	0.4302174778412199	0.4302174778412108	0.7844406455933401	2.4456010403726887	1.0	1.0	2.0	0.0	-12765.028094948108
214000	-13820.753515640843	-1080.1899995287156	-12740.563516112128	0.4399016984117787	0.4399016984117785	0.6908360732689323	2.100447948697628	1.0	1.0	2.0	0.0	-12740.563516112128
215000	-13818.315634497834	-1023.8608367500543	-12794.45479774778	0.4179191864017876	0.41791918640178527	0.09223382724817837	0.33699262446334227	1.0	1.0	2.0	0.0	-12794.45479774778
216000	-13820.276873419134	-1012.1803919384151	-12808.09648148072	0.41293290636590163	0.4129329063658947	0.22280494928998884	0.7674903248490589	1.0	1.0	2.0	0.0	-12808.09648148072
217000	-13820.326754650536	-1036.4905706398984	-12783.836184010637	0.4220730308104931	0.42207303081049025	0.6571377145084619	2.2040256236120537	1.0	1.0	2.0	0.0	-12783.836184010637
218000	-13821.575029545636	-1039.7284648551831	-12781.846564690453	0.4231935674971607	0.4231935674971557	0.7749087896974607	2.573210133623007	1.0	1.0	2.0	0.0	-12781.846564690453
219000	-13819.386130146151	-1019.6884963969501	-12799.697633749201	0.4159676800708396	0.41596768007083734	0.2133781190028107	0.8345242168031319	1.0	1.0	2.0	0.0	-12799.697633749201
220000	-13820.612601296987	-1069.0187802363407	-12751.593821060647	0.43546623760098396	0.4354662376009807	0.5148674883787885	1.9941565085783535	1.0	1.0	2.0	0.0	-12751.593821060647
221000	-13818.543618744594	-1059.038521507695	-12759.505097236899	0.4319107194009098	0.43191071940090825	0.29664213836852177	0.9608799444743548	1.0	1.0	2.0	0.0	-12759.505097236899
222000	-13818.078526350511	-1026.0840895877288	-12791.994436762783	0.41869599340237457	0.41869599340237296	0.15801100523862957	0.587382991792367	1.0	1.0	2.0	0.0	-12791.994436762783
223000	-13818.731806630878	-1061.7195566659884	-12757.01224996489	0.43311746880593094	0.43311746880592816	0.22676122178347322	0.7492361598007078	1.0	1.0	2.0	0.0	-12757.01224996489
224000	-13818.666673947191	-1061.4323278816796	-12757.234346065512	0.43262948969678183	0.4326294896967773	0.4216029845766449	1.4651498416528463	1.0	1.0	2.0	0.0	-12757.234346065512
225000	-13818.997147146718	-1067.0447196969203	-12751.952427449798	0.43496683240313466	0.43496683240313166	0.3852721771346933	1.3757233465678487	1.0	1.0	2.0	0.0	-12751.952427449798
226000	-13819.979985198739	-1102.4442215580846	-12717.535763640655	0.44943254484891326	0.4494325448489124	0.3907839825436367	1.2568732150083204	1.0	1.0	2.0	0.0	-12717.535763640655
227000	-13820.35154020346	-1085.2023434371981	-12735.149196766262	0.4422986009020692	0.4422986009020647	0.44710281965133747	1.472203150966538	1.0	1.0	2.0	0.0	-12735.149196766262
228000	-13819.659462880447	-1031.3035781736187	-12788.355884706829	0.42017000807161337	0.42017000807160765	0.5104996275574276	1.8356359268068159	1.0	1.0	2.0	0.0	-12788.355884706829
229000	-13822.583010635155	-1013.3918259702039	-12809.191184664951	0.4125805563961947	0.41258055639618857	0.5709562159748005	2.4958088635163094	1.0	1.0	2.0	0.0	-12809.191184664951
230000	-13818.626515987193	-1054.1176235173286	-12764.508892469865	0.43020699129393325	0.4302069912939277	0.1163723063331037	0.40289692006113353	1.0	1.0	2.0	0.0	-12764.508892469865
231000	-13819.775521114945	-1037.8454099210896	-12781.930111193855	0.4233184325770254	0.4233184325770225	0.2775136314527911	0.8810044568580752	1.0	1.0	2.0	0.0	-12781.930111193855
232000	-13821.365807658203	-1067.2106660105703	-12754.155141647632	0.4343043516132847	0.43430435161328773	0.8514736008759002	2.701849385784404	1.0	1.0	2.0	0.0	-12754.155141647632
233000	-13821.549952122781	-1060.461458780632	-12761.08849334215	0.4318637613893862	0.4318637613893901	0.5852223415536717	2.210518624877037	1.0	1.0	2.0	0.0	-12761.08849334215
234000	-13817.891580174753	-1027.130156797275	-12790.761423377478	0.4191836928427891	0.4191836928427827	0.12884758579344943	0.4652972401179886	1.0	1.0	2.0	0.0	-12790.761423377478
235000	-13821.617932268651	-1074.7176037865731	-12746.900328482077	0.4372761969557684	0.4372761969557647	0.8019082484965868	2.962522469031562	1.0	1.0	2.0	0.0	-12746.900328482077
236000	-13820.598475641227	-1057.572447367332	-12763.026028273895	0.4305661976485267	0.430566197648524	0.7269211252572797	2.3653212539035793	1.0	1.0	2.0	0.0	-12763.026028273895
237000	-13818.232914016	-1036.6505201496966	-12781.582393866303	0.42292533702721624	0.42292533702721036	0.2080825610711995	0.7206021829566884	1.0	1.0	2.0	0.0	-12781.582393866303
238000	-13822.906847324994	-1037.5720023765452	-12785.33484494845	0.4227911045452342	0.42279110454522784	0.5490182891318506	1.6306918638072088	1.0	1.0	2.0	0.0	-12785.33484494845
239000	-13818.209153941336	-1036.5180293604055	-12781.69112458093	0.42291852748247627	0.42291852748247205	0.1749993446011494	0.6379121649778466	1.0	1.0	2.0	0.0	-12781.69112458093
240000	-13821.49489644242	-990.8153688869205	-12830.6795275555	0.4040634159246085	0.4040634159246003	0.27538554477147636	1.1250159545249885	1.0	1.0	2.0	0.0	-12830.6795275555
241000	-13818.789811200335	-1033.579287511683	-12785.210523688651	0.42132082269059196	0.4213208226905811	0.3921726227483455	1.4043946375763736	1.0	1.0	2.0	0.0	-12785.210523688651
242000	-13821.460048517565	-1075.981366145327	-12745.478682372239	0.4374238048219097	0.4374238048219121	1.0849650714571732	3.5808537949622137	1.0	1.0	2.0	0.0	-12745.478682372239
243000	-13819.769844833376	-1093.920141334631	-12725.849703498745	0.44578488736538124	0.44578488736538063	0.490725353700373	1.5876785448341	1.0	1.0	2.0	0.0	-12725.849703498745
244000	-13818.838407482985	-1019.7707926402483	-12799.067614842736	0.41594983615229253	0.41594983615229053	0.24186881227706894	0.9321372610262737	1.0	1.0	2.0	0.0	-12799.067614842736
245000	-13821.702066339929	-1019.7305506897155	-12801.971515650213	0.41553078896252854	0.4155307889625198	0.5086334123531422	1.6539076581365975	1.0	1.0	2.0	0.0	-12801.971515650213
246000	-13818.098304593233	-1083.0125605447797	-12735.085744048454	0.4419303435637817	0.4419303435637795	0.15342923397266647	0.480153334938161	1.0	1.0	2.0	0.0	-12735.085744048454
247000	-13822.83177080976	-1011.6524481332943	-12811.179322676466	0.41239353193824213	0.4123935319382408	0.41290771829895606	1.3736335267156574	1.0	1.0	2.0	0.0	-12811.179322676466
248000	-13820.700688883453	-1075.8081267072953	-12744.892562176157	0.43843713786581767	0.4384371378658174	0.4278976139932172	1.5769720186613343	1.0	1.0	2.0	0.0	-12744.892562176157
249000	-13819.46877424158	-1043.4125757512993	-12776.056198490282	0.42502971827240305	0.4250297182724028	0.5405686292982788	1.9838840900691277	1.0	1.0	2.0	0.0	-12776.056198490282
250000	-13818.016221761263	-1082.0314481675416	-12735.984773593722	0.4416223587516829	0.44162235875167516	0.09312043420275035	0.31544247197524555	1.0	1.0	2.0	0.0	-12735.984773593722
251000	-13817.521412978464	-1055.8352173542178	-12761.686195624246	0.43081057857043953	0.43081057857043936	0.16717714584451152	0.587880870397202	1.0	1.0	2.0	0.0	-12761.686195624246
252000	-13821.516739168914	-1062.4347055540568	-12759.082033614857	0.4325048060370554	0.43250480603705027	0.7969642132728042	2.3982636262280232	1.0	1.0	2.0	0.0	-12759.082033614857
253000	-13818.573229988982	-1055.3686410416917	-12763.20458894729	0.430454256921921	0.4304542569219145	0.279764948138517	0.8834852703502102	1.0	1.0	2.0	0.0	-12763.20458894729
254000	-13820.763314456473	-1019.2178471582597	-12801.545467298214	0.4150687192105714	0.4150687192105636	0.6075365212405527	2.1767005978499308	1.0	1.0	2.0	0.0	-12801.545467298214
255000	-13824.02236723255	-1024.0638121736624	-12799.958555058887	0.41578946801929356	0.41578946801928773	1.2173600249148433	4.6433754485332255	1.0	1.0	2.0	0.0	-12799.958555058887
256000	-13819.227913277395	-1078.127634938749	-12741.100278338645	0.4395534196333753	0.43955341963336675	0.385038907019234	1.1988954551383684	1.0	1.0	2.0	0.0	-12741.100278338645
257000	-13822.591189029106	-1113.833062670085	-12708.758126359022	0.4532250071853041	0.45322500718529724	0.890555797316352	2.835661426687152	1.0	1.0	2.0	0.0	-12708.758126359022
258000	-13825.227930565114	-1031.1994333095872	-12794.028497255527	0.41838121831503783	0.4183812183150319	1.363050649677682	5.270469468975995	1.0	1.0	2.0	0.0	-12794.028497255527
259000	-13818.483444110674	-1067.2361217220443	-12751.24732238863	0.4351937498999471	0.43519374989994847	0.33084508318174155	1.0644734255744666	1.0	1.0	2.0	0.0	-12751.24732238863
260000	-13818.448581170282	-1035.3172120367228	-12783.131369133558	0.42256606000993313	0.4225660600099269	0.1125365175589888	0.3648718315298141	1.0	1.0	2.0	0.0	-12783.131369133558
261000	-13819.016401286059	-1037.417408136938	-12781.59899314912	0.42295624079444627	0.4229562407944418	0.3679911408461149	1.2517122875335203	1.0	1.0	2.0	0.0	-12781.59899314912
262000	-13820.919874974863	-1086.9294372742497	-12733.990437700613	0.4426997900800231	0.44269979008001914	0.6231197256501859	2.0383744170850053	1.0	1.0	2.0	0.0	-12733.990437700613
263000	-13818.36721323569	-1081.7034734989388	-12736.66373973675	0.4414608407185491	0.4414608407185416	0.11622099305018824	0.3608888691245797	1.0	1.0	2.0	0.0	-12736.66373973675
264000	-13817.985197919885	-1064.3331823488609	-12753.652015571024	0.4340765414599758	0.43407654145996777	0.2862292374659502	0.9488811223683157	1.0	1.0	2.0	0.0	-12753.652015571024
265000	-13821.82612883411	-1064.3542237906631	-12757.471905043447	0.4325461895881994	0.43254618958819174	1.1440600571416684	3.8690897427250452	1.0	1.0	2.0	0.0	-12757.471905043447
266000	-13820.926027480193	-1064.2606468862248	-12756.665380593968	0.43295564410618076	0.4329556441061769	0.8410326491568156	3.0733330331445488	1.0	1.0	2.0	0.0	-12756.665380593968
267000	-13820.072790439131	-1041.7124565410732	-12778.36033389806	0.42529882602318186	0.4252988260231782	0.04041767547919572	0.1232531421121178	1.0	1.0	2.0	0.0	-12778.36033389806
268000	-13818.754346687205	-1026.9706156194309	-12791.783731067773	0.41909223600774514	0.4190922360077411	0.1401989283104146	0.5189338712770686	1.0	1.0	2.0	0.0	-12791.783731067773
269000	-13823.800266945851	-1098.5581524557942	-12725.242114490056	0.44645496263613227	0.44645496263612805	1.3020527831896052	3.769356585636571	1.0	1.0	2.0	0.0	-12725.242114490056
270000	-13824.53119353699	-1094.8733109836203	-12729.65788255337	0.4447220090258177	0.44472200902581854	1.4332576677232274	4.207638301760593	1.0	1.0	2.0	0.0	-12729.65788255337
271000	-13818.745346543663	-1033.9020247970504	-12784.843321746612	0.4217600201849765	0.42176002018497427	0.20722574290294418	0.8338393510189086	1.0	1.0	2.0	0.0	-12784.843321746612
272000	-13820.323119849647	-1047.2363903786625	-12773.086729470984	0.4264603845894494	0.4264603845894473	0.6343066795067309	2.2016603348880435	1.0	1.0	2.0	0.0	-12773.086729470984
273000	-13818.684149368855	-1085.577321611786	-12733.10682775707	0.44271398964426373	0.44271398964426073	0.28890743501767346	0.9856116098340733	1.0	1.0	2.0	0.0	-12733.10682775707
274000	-13818.82261574116	-1011.736838607866	-12807.085777133294	0.4128904456890119	0.4128904456890171	0.1365632764067867	0.5144216098121973	1.0	1.0	2.0	0.0	-12807.085777133294
275000	-13819.769988675904	-1035.4788842407825	-12784.291104435122	0.42177915009698375	0.42177915009698336	0.5592485826797948	2.011711615051427	1.0	1.0	2.0	0.0	-12784.291104435122
276000	-13820.029281584671	-1038.1635664542875	-12781.865715130383	0.4232501782979702	0.42325017829796746	0.3940244511792515	1.2502155842447502	1.0	1.0	2.0	0.0	-12781.865715130383
277000	-13818.988446518493	-1079.7837118601597	-12739.204734658333	0.4403076318222775	0.440307631822282	0.3334141790103997	1.0550270857566044	1.0	1.0	2.0	0.0	-12739.204734658333
278000	-13820.476111342003	-1080.1608298988795	-12740.315281443123	0.4396809041033592	0.4396809041033539	0.7726845493240198	2.5314738294714605	1.0	1.0	2.0	0.0	-12740.315281443123
279000	-13822.373277986244	-1032.5016489354136	-12789.871629050831	0.42028184333094554	0.4202818433309413	0.6126756775951884	2.6569722166953795	1.0	1.0	2.0	0.0	-12789.871629050831
280000	-13823.192371633597	-1051.4001653599323	-12771.792206273665	0.4277616027830423	0.4277616027830414	0.9544685670082564	2.8507744410260574	1.0	1.0	2.0	0.0	-12771.792206273665
281000	-13822.251789810543	-989.3840156301634	-12832.86777418038	0.40386750624563794	0.40386750624563417	0.09091910407418047	0.35910179355366256	1.0	1.0	2.0	0.0	-12832.86777418038
282000	-13820.75320193209	-1087.1599921907116	-12733.593209741379	0.44292984802618784	0.44292984802618746	0.513645922127017	1.8136189590493217	1.0	1.0	2.0	0.0	-12733.593209741379
283000	-13818.345890196491	-1074.8583862421447	-12743.487503954346	0.4386888760157417	0.43868887601574086	0.09983048304572091	0.33728761188839573	1.0	1.0	2.0	0.0	-12743.487503954346
284000	-13823.12749514189	-1058.0795734352225	-12765.047921706668	0.42988622402714777	0.42988622402714166	1.2362565776404715	4.032445694583594	1.0	1.0	2.0	0.0	-12765.047921706668
285000	-13819.139316844889	-1070.1739829633232	-12748.965333881566	0.43636962431933796	0.43636962431933785	0.30378891175131434	1.1426390071709698	1.0	1.0	2.0	0.0	-12748.965333881566
286000	-13818.523691939119	-1067.247081599953	-12751.276610339166	0.4351984001771697	0.4351984001771667	0.3023466277012553	1.0925153997802215	1.0	1.0	2.0	0.0	-12751.276610339166
287000	-13820.771879386893	-1014.2299929431833	-12806.54188644371	0.41349199754170274	0.4134919975416998	0.3172692261650416	1.3500326262617712	1.0	1.0	2.0	0.0	-12806.54188644371
288000	-13819.634355266255	-1080.771808136623	-12738.862547129633	0.4402478788225303	0.44024787882252253	0.5920041768748542	1.931225268948874	1.0	1.0	2.0	0.0	-12738.862547129633
289000	-13823.545623230246	-1093.1392452587163	-12730.406377971529	0.4449923259120416	0.44499232591204074	0.8426392108286176	2.4005739731056877	1.0	1.0	2.0	0.0	-12730.406377971529
290000	-13819.798972587914	-1079.734147397107	-12740.064825190808	0.43974350754862684	0.4397435075486238	0.616052090862209	2.107734027936572	1.0	1.0	2.0	0.0	-12740.064825190808
291000	-13820.034598225768	-1059.4155898496274	-12760.619008376141	0.4319156324240113	0.4319156324240103	0.328697548523432	1.2938314370662203	1.0	1.0	2.0	0.0	-12760.619008376141
292000	-13821.14971383849	-1037.1750517679345	-12783.974662070555	0.4232454327393135	0.4232454327393123	0.16729954405699413	0.5000762325705799	1.0	1.0	2.0	0.0	-12783.974662070555
293000	-13817.99086547013	-1072.84126806861	-12745.14959740152	0.43766758919242826	0.43766758919242044	0.2207901502856049	0.7064452568036103	1.0	1.0	2.0	0.0	-12745.14959740152
294000	-13817.395217871304	-1058.2786887785207	-12759.116529092784	0.4318757311279727	0.4318757311279641	0.1359337674020418	0.44765156654438737	1.0	1.0	2.0	0.0	-12759.116529092784
295000	-13817.588485163971	-1037.5545092136438	-12780.033975950328	0.4235229583209055	0.42352295832089676	0.07909105134952275	0.2864122336284377	1.0	1.0	2.0	0.0	-12780.033975950328
296000	-13819.420204025228	-1038.105492074417	-12781.31471195081	0.42355995921695705	0.4235599592169575	0.1949563549341713	0.6306919893386805	1.0	1.0	2.0	0.0	-12781.31471195081
297000	-13818.550938317812	-1074.1036484735985	-12744.447289844215	0.43804240706613357	0.4380424070661259	0.29675010359526216	0.9726961983504828	1.0	1.0	2.0	0.0	-12744.447289844215
298000	-13820.032588825168	-1024.3214081257543	-12795.711180699414	0.4181265815190514	0.4181265815190438	0.07515010173169154	0.3054861081298126	1.0	1.0	2.0	0.0	-12795.711180699414
299000	-13818.325347107015	-1057.4473281021455	-12760.87801900487	0.43148615088474684	0.4314861508847387	0.14681257474831186	0.5618292432256913	1.0	1.0	2.0	0.0	-12760.87801900487
300000	-13819.063138742986	-1019.0821132076824	-12799.981025535304	0.4157951223889932	0.41579512238898825	0.16992143192838985	0.6952333815767634	1.0	1.0	2.0	0.0	-12799.981025535304
