# BEAST v1.10.5 Prerelease #23570d1
# Generated Tue Sep 13 16:35:44 CEST 2022 [seed=1663079604808]
# Delta_DTA.xml
state	joint	prior	likelihood	location.clock.rate	location.meanRate	location.rates.NYC_counties.other	location.rates.other.NYC_counties	location.indicators.NYC_counties.other	location.indicators.other.NYC_counties	location.nonZeroRates	location.branchRates	location.treeLikelihood
0	-21363.520987937045	-5254.591428409546	-16108.9295595275	1.0	1.0	1.0	1.0	1.0	1.0	2.0	0.0	-16108.9295595275
1000	-18640.521871560035	-1532.2938844474825	-17108.227987112554	0.2918140727970237	0.2918140727970186	0.40497504754883684	1.153692520945839	1.0	1.0	2.0	0.0	-17108.227987112554
2000	-18640.756215188176	-1508.0938989323977	-17132.662316255777	0.2872648764496803	0.28726487644967325	0.3197092629669789	0.9510785163616233	1.0	1.0	2.0	0.0	-17132.662316255777
3000	-18641.756768590625	-1560.8645872143713	-17080.892181376254	0.29725442117516615	0.2972544211751596	0.4349102038705436	1.098318920821474	1.0	1.0	2.0	0.0	-17080.892181376254
4000	-18643.229602240805	-1527.1397836109297	-17116.089818629876	0.2905941249460773	0.29059412494606934	0.7063789903514655	2.110631785986926	1.0	1.0	2.0	0.0	-17116.089818629876
5000	-18642.122061658923	-1548.8977272913885	-17093.224334367536	0.294947836981703	0.2949478369816997	0.4757104525217494	1.214752557309226	1.0	1.0	2.0	0.0	-17093.224334367536
6000	-18639.626163183184	-1553.9444620529734	-17085.681701130212	0.2961716082809908	0.29617160828099204	0.08410821728770583	0.22057918303691254	1.0	1.0	2.0	0.0	-17085.681701130212
7000	-18640.49573578778	-1581.8167554397708	-17058.67898034801	0.3014575687597279	0.30145756875971996	0.11254399769462115	0.27993433705444903	1.0	1.0	2.0	0.0	-17058.67898034801
8000	-18641.49592643072	-1567.6621359653263	-17073.833790465396	0.29873909018181716	0.2987390901818124	0.15365694852734624	0.37327420027773467	1.0	1.0	2.0	0.0	-17073.833790465396
9000	-18642.523628790706	-1519.8404673716084	-17122.6831614191	0.2895139228242063	0.2895139228242017	0.32885964693708963	0.8667371287692616	1.0	1.0	2.0	0.0	-17122.6831614191
10000	-18641.249772713545	-1506.9033386222486	-17134.346434091298	0.28701930941883075	0.28701930941883436	0.36892337561920985	1.0020905145642631	1.0	1.0	2.0	0.0	-17134.346434091298
11000	-18642.949947391757	-1586.1987483599385	-17056.75119903182	0.3019036368730124	0.3019036368730046	0.6419163010665472	1.7879019710999817	1.0	1.0	2.0	0.0	-17056.75119903182
12000	-18639.731140644184	-1568.3087519996577	-17071.422388644525	0.2988635184890624	0.2988635184890574	0.14329722472686837	0.3762195996981175	1.0	1.0	2.0	0.0	-17071.422388644525
13000	-18643.258362833796	-1527.053579990892	-17116.204782842902	0.2909580036979083	0.2909580036979072	0.19308719620690776	0.6250535668292908	1.0	1.0	2.0	0.0	-17116.204782842902
14000	-18641.04079763156	-1525.7296284149083	-17115.31116921665	0.29063538983080756	0.29063538983079823	0.2979585051194602	0.8919952303484747	1.0	1.0	2.0	0.0	-17115.31116921665
15000	-18641.573984174687	-1556.1475600567358	-17085.42642411795	0.29637231587616686	0.29637231587616214	0.4016833179274212	1.051123358684228	1.0	1.0	2.0	0.0	-17085.42642411795
16000	-18640.829434690535	-1545.6679068347744	-17095.161527855762	0.2942733810625129	0.2942733810625114	0.5434416386671744	1.4623479485385573	1.0	1.0	2.0	0.0	-17095.161527855762
17000	-18641.875576873234	-1552.8292363584567	-17089.04634051478	0.2955344234464773	0.2955344234464743	0.6988660836014469	1.8398298701376539	1.0	1.0	2.0	0.0	-17089.04634051478
18000	-18640.91251963925	-1541.2840680773238	-17099.628451561926	0.2934419051935246	0.29344190519352287	0.532132356115974	1.4603141070155314	1.0	1.0	2.0	0.0	-17099.628451561926
19000	-18639.694935394193	-1537.1512943412397	-17102.543641052955	0.29291914082190657	0.2929191408219026	0.1566494790745685	0.4508373415406593	1.0	1.0	2.0	0.0	-17102.543641052955
20000	-18640.33039061702	-1522.5928572727216	-17117.737533344298	0.2901088357612968	0.2901088357612996	0.22658879368175297	0.5943364235009045	1.0	1.0	2.0	0.0	-17117.737533344298
21000	-18642.013925746083	-1538.9344590333483	-17103.079466712734	0.29276420675102766	0.29276420675102804	0.8715753978629128	2.3334586673958135	1.0	1.0	2.0	0.0	-17103.079466712734
22000	-18642.5053919095	-1518.330506829003	-17124.174885080498	0.2888258109567837	0.28882581095678045	0.875160037547208	2.427425051911602	1.0	1.0	2.0	0.0	-17124.174885080498
23000	-18647.52341930367	-1493.0745665480413	-17154.448852755628	0.2836420287641754	0.2836420287641711	1.2436652146356377	4.050785352257503	1.0	1.0	2.0	0.0	-17154.448852755628
24000	-18641.456585030137	-1515.3096370375831	-17126.146947992554	0.2884960439349582	0.28849604393495715	0.5165326973260163	1.4985506772594241	1.0	1.0	2.0	0.0	-17126.146947992554
25000	-18641.200773648627	-1569.5382410264772	-17071.66253262215	0.29898101409104133	0.2989810140910417	0.298050104039177	0.8333657268073027	1.0	1.0	2.0	0.0	-17071.66253262215
26000	-18641.775779893076	-1562.1164311656635	-17079.65934872741	0.29733720305677397	0.2973372030567683	0.6294861561464296	1.7204612462292808	1.0	1.0	2.0	0.0	-17079.65934872741
27000	-18639.719465688555	-1546.7701024006928	-17092.949363287862	0.29468278188705127	0.2946827818870519	0.25883899880864203	0.6972096254779593	1.0	1.0	2.0	0.0	-17092.949363287862
28000	-18640.413001388002	-1548.301794098624	-17092.111207289377	0.29495273364368135	0.29495273364367747	0.28956626533781793	0.7792252051032317	1.0	1.0	2.0	0.0	-17092.111207289377
29000	-18640.049916326705	-1527.00361614008	-17113.046300186626	0.2908837690969508	0.2908837690969482	0.3055601115364062	0.8528182142797043	1.0	1.0	2.0	0.0	-17113.046300186626
30000	-18640.38456735379	-1562.752045655013	-17077.63252169878	0.29765436843372495	0.2976543684337225	0.358161330592801	0.9602873482828582	1.0	1.0	2.0	0.0	-17077.63252169878
31000	-18640.741440549	-1522.0040055061957	-17118.737435042807	0.2899551527070652	0.2899551527070638	0.2613767005475651	0.7785061048725369	1.0	1.0	2.0	0.0	-17118.737435042807
32000	-18643.780678873532	-1571.6436499463448	-17072.137028927187	0.29882310858727895	0.29882310858727706	1.0832197067969764	2.9836009224446998	1.0	1.0	2.0	0.0	-17072.137028927187
33000	-18642.945730215164	-1581.588304448372	-17061.357425766793	0.30097714806123904	0.3009771480612369	0.7591602686690484	1.9300876326660963	1.0	1.0	2.0	0.0	-17061.357425766793
34000	-18642.73917199385	-1529.4141940437542	-17113.324977950095	0.29119667276677447	0.2911966727667677	0.4977772540615357	1.4264548664149157	1.0	1.0	2.0	0.0	-17113.324977950095
35000	-18643.265115115566	-1528.3792743487413	-17114.885840766823	0.29069186338308345	0.29069186338307673	0.8989213958842908	2.6438346718949814	1.0	1.0	2.0	0.0	-17114.885840766823
36000	-18649.28518190408	-1544.207363309878	-17105.077818594204	0.2932559033048702	0.293255903304867	1.7619095327936818	4.131516457385002	1.0	1.0	2.0	0.0	-17105.077818594204
37000	-18642.85562373763	-1541.550775210238	-17101.30484852739	0.29327974855218	0.29327974855218214	0.8185642092179047	2.2929355675442156	1.0	1.0	2.0	0.0	-17101.30484852739
38000	-18641.51235112921	-1574.8353824375608	-17066.67696869165	0.3000420171695425	0.30004201716954637	0.22556146375704123	0.6260678605785595	1.0	1.0	2.0	0.0	-17066.67696869165
39000	-18641.940681458716	-1537.5758336741042	-17104.36484778461	0.2929187016631221	0.29291870166312156	0.26069427035801224	0.7736402406000363	1.0	1.0	2.0	0.0	-17104.36484778461
40000	-18642.330075183094	-1548.1131571425447	-17094.21691804055	0.29461216579593735	0.29461216579593874	0.6860005093499869	1.9842826606765671	1.0	1.0	2.0	0.0	-17094.21691804055
41000	-18645.38870190835	-1544.5797408195558	-17100.808961088795	0.2933433697882871	0.29334336978828374	1.4747030328891544	4.331349157950461	1.0	1.0	2.0	0.0	-17100.808961088795
42000	-18640.390040488644	-1508.2633378872556	-17132.12670260139	0.28731946505873107	0.28731946505872974	0.2991949250734184	0.8540949883789893	1.0	1.0	2.0	0.0	-17132.12670260139
43000	-18646.02130723424	-1497.7915709706162	-17148.229736263624	0.2854023529287227	0.2854023529287244	0.17152255633191996	0.5870231406268006	1.0	1.0	2.0	0.0	-17148.229736263624
44000	-18643.372163858818	-1496.8574116236875	-17146.51475223513	0.28472250435316726	0.2847225043531686	0.8490619947536985	2.548855490928838	1.0	1.0	2.0	0.0	-17146.51475223513
45000	-18639.44707796904	-1556.3286931816397	-17083.118384787398	0.2966015170197529	0.29660151701974874	0.11891011478373542	0.3102806870784772	1.0	1.0	2.0	0.0	-17083.118384787398
46000	-18640.301532676982	-1525.4262363501964	-17114.875296326787	0.29053582540233386	0.29053582540233025	0.36729962597359306	1.0426055381078443	1.0	1.0	2.0	0.0	-17114.875296326787
47000	-18641.054809294877	-1516.7763640716287	-17124.278445223248	0.2887810390725885	0.28878103907258285	0.5240995359644934	1.4596790700147617	1.0	1.0	2.0	0.0	-17124.278445223248
48000	-18639.722049020198	-1532.8423888506843	-17106.879660169514	0.29205631942322546	0.2920563194232242	0.2226712804156571	0.6111744070513735	1.0	1.0	2.0	0.0	-17106.879660169514
49000	-18639.358495107495	-1548.4390230890829	-17090.919472018413	0.2951006533291778	0.29510065332917773	0.11251815429314663	0.3159914559752059	1.0	1.0	2.0	0.0	-17090.919472018413
50000	-18641.94569472642	-1563.0191796142144	-17078.926515112205	0.2976148414548335	0.2976148414548306	0.457907876549238	1.3354399961131953	1.0	1.0	2.0	0.0	-17078.926515112205
51000	-18641.248565115315	-1541.080633338915	-17100.1679317764	0.29337728703303506	0.29337728703303245	0.5678921093709779	1.5607729213938224	1.0	1.0	2.0	0.0	-17100.1679317764
52000	-18644.42169901447	-1562.0117659536625	-17082.409933060808	0.29697644236162213	0.29697644236162074	1.0519255495062967	3.089620182347043	1.0	1.0	2.0	0.0	-17082.409933060808
53000	-18641.22533695682	-1530.5460053037818	-17110.67933165304	0.29156181508126994	0.2915618150812659	0.31953976069914997	0.817196825366747	1.0	1.0	2.0	0.0	-17110.67933165304
54000	-18641.145174261514	-1549.057133678135	-17092.088040583378	0.2948702097854484	0.294870209785444	0.6186640422729962	1.6392375574145557	1.0	1.0	2.0	0.0	-17092.088040583378
55000	-18641.253841363883	-1533.8455375782873	-17107.408303785596	0.2923404108802941	0.29234041088029056	0.08509986422354601	0.25861879742953975	1.0	1.0	2.0	0.0	-17107.408303785596
56000	-18644.50154726102	-1564.139704194306	-17080.361843066716	0.2972769118825229	0.2972769118825206	1.2692880873475418	3.420840306881634	1.0	1.0	2.0	0.0	-17080.361843066716
57000	-18642.368679398052	-1525.3142796562042	-17117.054399741846	0.29014173815016747	0.2901417381501675	0.8805701646099883	2.4888315322055306	1.0	1.0	2.0	0.0	-17117.054399741846
58000	-18640.09161093927	-1540.5823500090514	-17099.50926093022	0.2936043693106824	0.29360436931067657	0.11230173018887481	0.3244644477330223	1.0	1.0	2.0	0.0	-17099.50926093022
59000	-18640.73209301446	-1528.0638342404986	-17112.66825877396	0.2912118441694908	0.29121184416948753	0.13903578085298388	0.35509069243388053	1.0	1.0	2.0	0.0	-17112.66825877396
60000	-18642.027655751335	-1513.819401676887	-17128.20825407445	0.2883534957990166	0.2883534957990159	0.31185392614711177	0.9622759701629839	1.0	1.0	2.0	0.0	-17128.20825407445
61000	-18645.762331301426	-1599.1230747744576	-17046.63925652697	0.3039315450526493	0.30393154505264197	1.3266143434256743	3.368317762152732	1.0	1.0	2.0	0.0	-17046.63925652697
62000	-18641.196081075315	-1558.079359024949	-17083.116722050367	0.2967997439838444	0.2967997439838404	0.32372489780024394	0.8141924369195721	1.0	1.0	2.0	0.0	-17083.116722050367
63000	-18640.75093287338	-1550.296071137475	-17090.454861735903	0.2952591012506607	0.2952591012506586	0.40002421479239697	1.0526831225176008	1.0	1.0	2.0	0.0	-17090.454861735903
64000	-18642.153484751354	-1577.7868288157151	-17064.36665593564	0.300460919332787	0.3004609193327922	0.4217038972692295	1.1795069972095475	1.0	1.0	2.0	0.0	-17064.36665593564
65000	-18642.812128511963	-1563.8905109357504	-17078.921617576212	0.2977281375307584	0.29772813753075206	0.5419294838717048	1.5272327869438223	1.0	1.0	2.0	0.0	-17078.921617576212
66000	-18640.738883537022	-1526.2448529991639	-17114.49403053786	0.29075072537590646	0.2907507253759095	0.280695571574532	0.8182411345681468	1.0	1.0	2.0	0.0	-17114.49403053786
67000	-18642.69531625512	-1559.3790021514324	-17083.31631410369	0.2965204804711096	0.2965204804711065	1.0551344891671024	2.8503173155354418	1.0	1.0	2.0	0.0	-17083.31631410369
68000	-18642.573897594157	-1508.7919952407783	-17133.781902353378	0.2870970542585246	0.28709705425852267	0.7659140787873191	2.0851022520883933	1.0	1.0	2.0	0.0	-17133.781902353378
69000	-18642.09348242352	-1551.1996146046608	-17090.893867818857	0.29538250895748314	0.29538250895748014	0.4499575254459988	1.2576250509259563	1.0	1.0	2.0	0.0	-17090.893867818857
70000	-18645.69923024478	-1538.764162300415	-17106.935067944363	0.2925364499661297	0.2925364499661252	1.2333490817698765	2.9985503091349797	1.0	1.0	2.0	0.0	-17106.935067944363
71000	-18644.810462930818	-1510.5606783067701	-17134.249784624048	0.28721470826210665	0.2872147082621047	0.978808968023135	3.0224597410723226	1.0	1.0	2.0	0.0	-17134.249784624048
72000	-18644.874736195474	-1567.5690054863983	-17077.305730709075	0.297856242346059	0.29785624234605296	1.4467537241728656	3.6275472464850256	1.0	1.0	2.0	0.0	-17077.305730709075
73000	-18641.406715723188	-1550.3084068940539	-17091.098308829132	0.2952431863384202	0.2952431863384196	0.3918392752197201	1.1568574167631656	1.0	1.0	2.0	0.0	-17091.098308829132
74000	-18643.875472441217	-1600.4743261752715	-17043.401146265947	0.30455288268350905	0.30455288268350106	0.7453538132055697	2.03492204691799	1.0	1.0	2.0	0.0	-17043.401146265947
75000	-18642.129446278625	-1498.7802602196418	-17143.349186058982	0.2855321713505324	0.2855321713505306	0.28232433881845165	0.7825381357136539	1.0	1.0	2.0	0.0	-17143.349186058982
76000	-18640.079715242606	-1523.4315207716115	-17116.648194470996	0.29022719318843243	0.2902271931884321	0.26986150968658673	0.767601217127023	1.0	1.0	2.0	0.0	-17116.648194470996
77000	-18641.037881963504	-1511.5786766119652	-17129.45920535154	0.28788327912086487	0.28788327912086636	0.4012267601391436	1.103799036410401	1.0	1.0	2.0	0.0	-17129.45920535154
78000	-18640.422197297776	-1528.924851770981	-17111.497345526794	0.2913839330391761	0.29138393303917526	0.12289234661243026	0.32769649105911947	1.0	1.0	2.0	0.0	-17111.497345526794
79000	-18641.38745727804	-1529.6984633986567	-17111.688993879383	0.2911503605823121	0.29115036058231036	0.6490379947876707	1.8028954447165808	1.0	1.0	2.0	0.0	-17111.688993879383
80000	-18640.050926760083	-1526.4377623587932	-17113.61316440129	0.2909129992240456	0.29091299922404584	0.11010625167814887	0.3287751526816531	1.0	1.0	2.0	0.0	-17113.61316440129
81000	-18642.019329448998	-1527.3042203748048	-17114.715109074194	0.29069360982344605	0.2906936098234448	0.6568431874783033	1.8016790405831293	1.0	1.0	2.0	0.0	-17114.715109074194
82000	-18640.883059992084	-1548.8954291043724	-17091.98763088771	0.2950042423694091	0.29500424236940276	0.39239752254741606	0.9992834127012854	1.0	1.0	2.0	0.0	-17091.98763088771
83000	-18643.2626363097	-1591.8640229753003	-17051.3986133344	0.3029694839897137	0.3029694839897121	0.6772758957415168	1.815444668016415	1.0	1.0	2.0	0.0	-17051.3986133344
84000	-18642.37878153107	-1531.9443153879758	-17110.434466143095	0.2913781958755131	0.29137819587551583	0.9245422627191642	2.575666590532451	1.0	1.0	2.0	0.0	-17110.434466143095
85000	-18642.043837537145	-1538.8705210007402	-17103.173316536406	0.292933646779199	0.292933646779191	0.5746459002304832	1.6758196806993944	1.0	1.0	2.0	0.0	-17103.173316536406
86000	-18642.304962983737	-1493.1156328627503	-17149.189330120986	0.28436350333570276	0.284363503335696	0.4011423734009881	1.1420372911839196	1.0	1.0	2.0	0.0	-17149.189330120986
87000	-18643.79151648559	-1554.5167565741335	-17089.27475991146	0.29544040297538027	0.2954404029753774	1.2426766621788996	3.4777394473192675	1.0	1.0	2.0	0.0	-17089.27475991146
88000	-18649.60837141467	-1610.9019797328026	-17038.706391681866	0.3056271120225368	0.30562711202253745	2.2602694315511234	5.301243946646069	1.0	1.0	2.0	0.0	-17038.706391681866
89000	-18642.096156915526	-1527.7005400540022	-17114.395616861522	0.29114670705151807	0.2911467070515162	0.11281027093239866	0.3604039753180498	1.0	1.0	2.0	0.0	-17114.395616861522
90000	-18640.81672124795	-1565.429948106094	-17075.386773141854	0.298158952277413	0.2981589522774093	0.3802369670700445	0.9638762989700308	1.0	1.0	2.0	0.0	-17075.386773141854
91000	-18642.726565415654	-1545.177236887065	-17097.54932852859	0.29437439577379254	0.2943743957737926	0.2412744898849749	0.7428806988831874	1.0	1.0	2.0	0.0	-17097.54932852859
92000	-18643.2798743941	-1561.401234234075	-17081.878640160023	0.29730415621319833	0.29730415621319983	0.45069081561538815	1.3577634827163927	1.0	1.0	2.0	0.0	-17081.878640160023
93000	-18645.66411863342	-1593.096119832999	-17052.56799880042	0.3026583948401436	0.3026583948401398	1.4383534971828422	3.9216295411770563	1.0	1.0	2.0	0.0	-17052.56799880042
94000	-18644.215436897633	-1514.1325979265544	-17130.08283897108	0.2878104462506623	0.2878104462506561	1.2018423182223945	3.23993958665969	1.0	1.0	2.0	0.0	-17130.08283897108
95000	-18641.42364352986	-1574.84701770129	-17066.57662582857	0.29991489663450016	0.29991489663449855	0.40300269009931006	1.1284425323405194	1.0	1.0	2.0	0.0	-17066.57662582857
96000	-18641.26629433764	-1552.8025648987618	-17088.46372943888	0.29563160364937363	0.29563160364936963	0.5215027170732831	1.4797133871836246	1.0	1.0	2.0	0.0	-17088.46372943888
97000	-18639.49485700658	-1542.594215384015	-17096.900641622564	0.29393401916899337	0.2939340191689888	0.19549614587017333	0.5203931108380893	1.0	1.0	2.0	0.0	-17096.900641622564
98000	-18640.191921796275	-1545.7344236975448	-17094.45749809873	0.29448973944641393	0.29448973944641177	0.2555724466353907	0.6794877375171242	1.0	1.0	2.0	0.0	-17094.45749809873
99000	-18642.922079135635	-1537.084754911013	-17105.83732422462	0.2923083097083002	0.2923083097083011	0.9985972124188013	2.753072807129667	1.0	1.0	2.0	0.0	-17105.83732422462
100000	-18642.62455095362	-1529.8488052353348	-17112.775745718285	0.29108914365710664	0.2910891436571021	0.8153028128895772	2.108748631110314	1.0	1.0	2.0	0.0	-17112.775745718285
101000	-18639.3575985157	-1520.7865060230315	-17118.571092492668	0.289856517327705	0.2898565173276934	0.09015230681823672	0.2506915179829663	1.0	1.0	2.0	0.0	-17118.571092492668
102000	-18640.943138328304	-1556.1907898979086	-17084.752348430397	0.29655445639098593	0.2965544563909797	0.13919238136215106	0.39945969593497116	1.0	1.0	2.0	0.0	-17084.752348430397
103000	-18643.312717309564	-1479.3954949737317	-17163.917222335833	0.2816939657525951	0.28169396575259187	0.4504070709444907	1.4047278939541359	1.0	1.0	2.0	0.0	-17163.917222335833
104000	-18642.657734848777	-1520.9219812603656	-17121.73575358841	0.2895076255953906	0.2895076255953865	0.6278774405048974	1.6823335769903394	1.0	1.0	2.0	0.0	-17121.73575358841
105000	-18643.911570048516	-1612.9562069479628	-17030.955363100555	0.30734335903216575	0.3073433590321596	0.18150336468088532	0.4132297579231936	1.0	1.0	2.0	0.0	-17030.955363100555
106000	-18640.162515247357	-1546.2985458725154	-17093.86396937484	0.29451657287702715	0.2945165728770332	0.36109474932268065	0.9970428573757688	1.0	1.0	2.0	0.0	-17093.86396937484
107000	-18642.284971076126	-1519.0349304611373	-17123.25004061499	0.28908486267186895	0.28908486267186595	0.6777489044693534	1.9675959980799198	1.0	1.0	2.0	0.0	-17123.25004061499
108000	-18644.689883606858	-1571.534647974463	-17073.155235632395	0.2985752807590217	0.2985752807590187	1.443414733809655	3.8170571914776787	1.0	1.0	2.0	0.0	-17073.155235632395
109000	-18640.926473449377	-1519.631609589107	-17121.294863860272	0.2894792180741563	0.2894792180741522	0.32273539917478344	0.8464234378494322	1.0	1.0	2.0	0.0	-17121.294863860272
110000	-18640.22122620247	-1497.9279075227241	-17142.293318679745	0.2854681805926578	0.285468180592656	0.14132718071489758	0.40754109914181424	1.0	1.0	2.0	0.0	-17142.293318679745
111000	-18640.931519572754	-1546.2573499086977	-17094.674169664057	0.2943646878263715	0.29436468782636976	0.5796542408522918	1.5356419301938853	1.0	1.0	2.0	0.0	-17094.674169664057
112000	-18640.998584700712	-1553.5764492654184	-17087.422135435292	0.295855474538756	0.29585547453875316	0.44853530727905466	1.149832607584335	1.0	1.0	2.0	0.0	-17087.422135435292
113000	-18645.259778742267	-1481.2436966746113	-17164.016082067657	0.2817438044896106	0.2817438044896122	0.8406955510855604	2.600669566607946	1.0	1.0	2.0	0.0	-17164.016082067657
114000	-18641.978832986402	-1506.832746998217	-17135.146085988184	0.2868452062399906	0.28684520623999005	0.5523988721942283	1.6631709720533814	1.0	1.0	2.0	0.0	-17135.146085988184
115000	-18645.02082111045	-1523.6365321372475	-17121.384288973204	0.2894033847320939	0.2894033847320952	1.3998978476183919	4.172789125061831	1.0	1.0	2.0	0.0	-17121.384288973204
116000	-18646.737810360115	-1497.8643917706431	-17148.873418589472	0.2845140476632067	0.28451404766320587	1.4629306002180322	4.037691707875198	1.0	1.0	2.0	0.0	-17148.873418589472
117000	-18648.642812764363	-1548.0972511128978	-17100.545561651466	0.2934936937100928	0.29349369371008766	2.4081361044638556	6.125276735594378	1.0	1.0	2.0	0.0	-17100.545561651466
118000	-18642.039237912057	-1510.0396202653121	-17131.999617646743	0.2873844243612165	0.2873844243612149	0.6861834799835019	1.9019400226183643	1.0	1.0	2.0	0.0	-17131.999617646743
119000	-18640.91506056092	-1558.755899392498	-17082.159161168423	0.2967444779774872	0.2967444779774848	0.5719154680639115	1.533036619626912	1.0	1.0	2.0	0.0	-17082.159161168423
120000	-18639.48951855573	-1517.2418247999801	-17122.247693755748	0.28922086028538185	0.2892208602853793	0.03612497029205211	0.10126477439216608	1.0	1.0	2.0	0.0	-17122.247693755748
121000	-18640.09322054697	-1563.4822594225495	-17076.61096112442	0.297871029486754	0.29787102948674854	0.25158146586842395	0.6582479712357022	1.0	1.0	2.0	0.0	-17076.61096112442
122000	-18643.61922698465	-1487.043695401519	-17156.57553158313	0.2832984935876948	0.2832984935876914	0.2569234580293271	0.8124050573985888	1.0	1.0	2.0	0.0	-17156.57553158313
123000	-18643.117604180756	-1526.8011906876886	-17116.316413493067	0.29037555476659654	0.2903755547665932	1.0010861339475938	2.626208843344861	1.0	1.0	2.0	0.0	-17116.316413493067
124000	-18642.179426054186	-1510.011441762326	-17132.16798429186	0.2874615910553243	0.28746159105532065	0.5497321384389785	1.6045977901631827	1.0	1.0	2.0	0.0	-17132.16798429186
125000	-18641.994309320926	-1544.9741482764698	-17097.020161044456	0.2942419888203254	0.2942419888203247	0.4193411674714666	1.0576971720583501	1.0	1.0	2.0	0.0	-17097.020161044456
126000	-18641.168105188834	-1509.4467972409882	-17131.721307947846	0.2874896430893079	0.28748964308930125	0.3673234222938611	1.074910714720779	1.0	1.0	2.0	0.0	-17131.721307947846
127000	-18639.850412236472	-1534.2913698404648	-17105.559042396006	0.29241675011436263	0.2924167501143622	0.105152535456822	0.28313498690331235	1.0	1.0	2.0	0.0	-17105.559042396006
128000	-18641.309049239073	-1549.5695934229182	-17091.739455816154	0.2952610476276297	0.29526104762762345	0.19231846161516944	0.5236804144858419	1.0	1.0	2.0	0.0	-17091.739455816154
129000	-18644.551261718025	-1571.7661272436496	-17072.785134474376	0.2990091560644408	0.2990091560644305	0.8299794665412296	2.38140044408702	1.0	1.0	2.0	0.0	-17072.785134474376
130000	-18641.99903108069	-1491.124152835195	-17150.874878245493	0.28397518984758435	0.28397518984758363	0.3950365861888115	1.197781978181551	1.0	1.0	2.0	0.0	-17150.874878245493
131000	-18644.81330105984	-1565.1985632787141	-17079.614737781125	0.29752021698230047	0.297520216982295	1.211020686059228	3.2590844855447845	1.0	1.0	2.0	0.0	-17079.614737781125
132000	-18642.438722179097	-1530.4671315131857	-17111.97159066591	0.29125900955237166	0.29125900955237255	0.7336594022582913	1.9158477073199875	1.0	1.0	2.0	0.0	-17111.97159066591
133000	-18644.659720698608	-1505.0151425843258	-17139.644578114283	0.2863840848214066	0.28638408482140615	0.7891045964117979	2.0326781777220284	1.0	1.0	2.0	0.0	-17139.644578114283
134000	-18641.855450174437	-1540.545544697011	-17101.309905477425	0.29344663695346196	0.29344663695346157	0.3548074438534673	0.8742440265210737	1.0	1.0	2.0	0.0	-17101.309905477425
135000	-18644.1371351704	-1555.7446989048933	-17088.392436265505	0.29590780056554744	0.29590780056554633	1.0045116550609885	2.4870646459031955	1.0	1.0	2.0	0.0	-17088.392436265505
136000	-18640.60385207437	-1554.101685292964	-17086.502166781407	0.2959547120909777	0.29595471209097324	0.4202347092370746	1.181746978951945	1.0	1.0	2.0	0.0	-17086.502166781407
137000	-18643.33859366169	-1570.8231459532965	-17072.515447708392	0.29921572308552147	0.299215723085514	0.2928366094713136	0.8897877111374878	1.0	1.0	2.0	0.0	-17072.515447708392
138000	-18639.757205677946	-1556.6129032137865	-17083.14430246416	0.2965621283888632	0.29656212838886425	0.2504066538524519	0.6700324525094818	1.0	1.0	2.0	0.0	-17083.14430246416
139000	-18640.697304411435	-1517.3314701004888	-17123.365834310946	0.2889305154204091	0.28893051542040626	0.45950056816457835	1.2936855135722802	1.0	1.0	2.0	0.0	-17123.365834310946
140000	-18640.27630859387	-1533.03621412858	-17107.24009446529	0.29204896958066556	0.29204896958066134	0.28134894013121126	0.7849551597221758	1.0	1.0	2.0	0.0	-17107.24009446529
141000	-18644.828081419044	-1573.6774551788014	-17071.150626240244	0.29978126662959376	0.2997812666295935	0.2618410792904879	0.8024379229672782	1.0	1.0	2.0	0.0	-17071.150626240244
142000	-18640.526485331942	-1526.3960473939028	-17114.130437938038	0.29088845025873605	0.2908884502587379	0.14724519916486178	0.378958657621108	1.0	1.0	2.0	0.0	-17114.130437938038
143000	-18640.427322058065	-1520.2942873461352	-17120.13303471193	0.2896084536639124	0.2896084536639102	0.30735842758897464	0.8451724575676398	1.0	1.0	2.0	0.0	-17120.13303471193
144000	-18640.24402838324	-1518.686193880506	-17121.557834502735	0.2894252786901623	0.2894252786901609	0.12894710731321532	0.3783195873297251	1.0	1.0	2.0	0.0	-17121.557834502735
145000	-18643.84062269783	-1577.3169065987552	-17066.523716099073	0.2999623934680782	0.29996239346807463	1.049148805346968	2.7025288313149005	1.0	1.0	2.0	0.0	-17066.523716099073
146000	-18640.6283084757	-1506.1033140182308	-17134.52499445747	0.286912127877422	0.28691212787741815	0.287765461374454	0.8466077038108674	1.0	1.0	2.0	0.0	-17134.52499445747
147000	-18641.8275656683	-1567.455198214687	-17074.372367453612	0.2986403833786815	0.29864038337867543	0.2312313394029329	0.6075929821103162	1.0	1.0	2.0	0.0	-17074.372367453612
148000	-18641.875500138645	-1561.5095773367032	-17080.365922801942	0.297298938786022	0.297298938786018	0.5370665279326258	1.4071551892726406	1.0	1.0	2.0	0.0	-17080.365922801942
149000	-18645.286328919294	-1488.1142715326755	-17157.17205738662	0.2830844528250304	0.28308445282502526	0.7792533179190956	2.485729828971824	1.0	1.0	2.0	0.0	-17157.17205738662
150000	-18644.72917436348	-1602.2528742252582	-17042.476300138223	0.30496583111060216	0.3049658311105984	0.6801569680775609	1.7081067780198225	1.0	1.0	2.0	0.0	-17042.476300138223
151000	-18641.33824372877	-1548.5952340526476	-17092.74300967612	0.2950658842724934	0.2950658842724932	0.22282943480991746	0.5446478632299394	1.0	1.0	2.0	0.0	-17092.74300967612
152000	-18642.57781197977	-1535.4812281383774	-17107.09658384139	0.29222421827598216	0.2922242182759781	0.724569958019266	1.8655847761322601	1.0	1.0	2.0	0.0	-17107.09658384139
153000	-18641.39314890834	-1549.1020388666166	-17092.291110041722	0.29486560967672804	0.2948656096767327	0.6292564408344856	1.6977299219000705	1.0	1.0	2.0	0.0	-17092.291110041722
154000	-18643.58698461633	-1564.0160285351656	-17079.570956081163	0.29755294072474775	0.29755294072474453	0.8073224675445057	2.3082424864615994	1.0	1.0	2.0	0.0	-17079.570956081163
155000	-18644.879810921462	-1538.445365035681	-17106.43444588578	0.29217557206827743	0.2921755720682718	1.48900406431603	4.320987626145058	1.0	1.0	2.0	0.0	-17106.43444588578
156000	-18643.22221730734	-1518.077855987377	-17125.144361319963	0.288863566042607	0.2888635660426061	0.7951789241072756	2.0563017415305613	1.0	1.0	2.0	0.0	-17125.144361319963
157000	-18642.03269775404	-1543.5177918214847	-17098.514905932556	0.293964219235523	0.293964219235518	0.3862615119444617	1.0944632608269314	1.0	1.0	2.0	0.0	-17098.514905932556
158000	-18641.158390677716	-1495.795884200887	-17145.362506476828	0.2850273332901525	0.28502733329015184	0.1918837936953817	0.5422142652707072	1.0	1.0	2.0	0.0	-17145.362506476828
159000	-18641.58035446895	-1546.8042291947145	-17094.77612527424	0.29453851994925806	0.2945385199492571	0.4921449812848603	1.2563153986362943	1.0	1.0	2.0	0.0	-17094.77612527424
160000	-18642.139902247873	-1564.195693163046	-17077.944209084828	0.2976480083285439	0.2976480083285421	0.7483547308304977	2.0471720080316795	1.0	1.0	2.0	0.0	-17077.944209084828
161000	-18643.79094604195	-1552.9829181055295	-17090.808027936422	0.2951558102479049	0.2951558102479071	1.25261522399761	3.429867896351684	1.0	1.0	2.0	0.0	-17090.808027936422
162000	-18641.924914866966	-1499.85795853994	-17142.066956327028	0.2856807530965484	0.2856807530965475	0.35140104616504153	1.0101606010671431	1.0	1.0	2.0	0.0	-17142.066956327028
163000	-18639.836778889632	-1514.0555887315713	-17125.78119015806	0.2885600616017845	0.2885600616017826	0.11470943173954395	0.30982686799561354	1.0	1.0	2.0	0.0	-17125.78119015806
164000	-18641.33098653559	-1552.8751513031843	-17088.455835232406	0.2958389778680813	0.2958389778680742	0.26201757227497485	0.7217638206600869	1.0	1.0	2.0	0.0	-17088.455835232406
165000	-18640.386504410944	-1511.4479742132014	-17128.93853019774	0.28801929769953316	0.2880192976995331	0.1716233760162941	0.4877393436487676	1.0	1.0	2.0	0.0	-17128.93853019774
166000	-18642.64414986408	-1533.167409140128	-17109.476740723952	0.291723261967316	0.29172326196731446	0.8019105922828031	2.1076127247117924	1.0	1.0	2.0	0.0	-17109.476740723952
167000	-18647.28922015814	-1504.3985090116803	-17142.89071114646	0.28602207082519326	0.28602207082518566	0.9607506275852495	3.1472731446749793	1.0	1.0	2.0	0.0	-17142.89071114646
168000	-18644.09943530735	-1569.6443676368524	-17074.4550676705	0.2982532190919244	0.2982532190919237	1.3978890510573754	3.6651504046292107	1.0	1.0	2.0	0.0	-17074.4550676705
169000	-18642.43738667112	-1485.9183675339686	-17156.51901913715	0.28291629340539853	0.2829162934053987	0.5088130241399181	1.4441752832520798	1.0	1.0	2.0	0.0	-17156.51901913715
170000	-18641.956318556364	-1559.0321247405984	-17082.924193815765	0.29666887209251536	0.29666887209251275	0.7652834017312418	2.013300832370408	1.0	1.0	2.0	0.0	-17082.924193815765
171000	-18644.714179678045	-1503.8021357089115	-17140.912043969132	0.2857690684414479	0.28576906844144645	1.288101553296859	3.553420080028444	1.0	1.0	2.0	0.0	-17140.912043969132
172000	-18641.790744140486	-1497.4775041488406	-17144.313239991647	0.285384861495832	0.2853848614958303	0.1324301130107851	0.4039900533300388	1.0	1.0	2.0	0.0	-17144.313239991647
173000	-18639.935625712704	-1543.956747384937	-17095.978878327765	0.2941858427549764	0.2941858427549737	0.20684185988914722	0.5479166449544325	1.0	1.0	2.0	0.0	-17095.978878327765
174000	-18641.84479299829	-1566.1664556159435	-17075.678337382345	0.2980368892105801	0.2980368892105794	0.7354090782355099	1.9868101660595137	1.0	1.0	2.0	0.0	-17075.678337382345
175000	-18640.43768569173	-1539.04250375854	-17101.39518193319	0.2930710088787268	0.29307100887873094	0.456746490729318	1.2436832714762198	1.0	1.0	2.0	0.0	-17101.39518193319
176000	-18640.756267063258	-1586.8606287363414	-17053.895638326918	0.3023709695264089	0.3023709695264101	0.17160341056407472	0.46367133132443483	1.0	1.0	2.0	0.0	-17053.895638326918
177000	-18640.405484530464	-1535.3872188736875	-17105.018265656778	0.29244996503736426	0.292449965037362	0.33888242118447115	0.9706658989567455	1.0	1.0	2.0	0.0	-17105.018265656778
178000	-18642.016671476646	-1583.5887795649448	-17058.427891911702	0.3016716363762888	0.3016716363762886	0.28229653496194984	0.7570092978389613	1.0	1.0	2.0	0.0	-17058.427891911702
179000	-18640.237098712674	-1503.7558608658667	-17136.48123784681	0.2865157236544646	0.28651572365446343	0.22759986692274775	0.6429607698045147	1.0	1.0	2.0	0.0	-17136.48123784681
180000	-18640.98865235261	-1527.8633595020954	-17113.125292850516	0.2908697868117526	0.29086978681174647	0.5503743024951588	1.541242866550256	1.0	1.0	2.0	0.0	-17113.125292850516
181000	-18645.332522848388	-1583.4343594530274	-17061.89816339536	0.30098428049016906	0.30098428049016257	1.2122723746409994	3.2855405549811785	1.0	1.0	2.0	0.0	-17061.89816339536
182000	-18642.987627696755	-1513.7787757371316	-17129.208851959625	0.2883080835992616	0.2883080835992559	0.41230884884753255	1.0598972271708025	1.0	1.0	2.0	0.0	-17129.208851959625
183000	-18642.09364129865	-1572.7169107266348	-17069.376730572014	0.29946801434075415	0.29946801434074966	0.5069694996134896	1.2433061965557588	1.0	1.0	2.0	0.0	-17069.376730572014
184000	-18648.378495940935	-1491.6867618944518	-17156.691734046482	0.28382691317788494	0.28382691317788356	0.6543245131939229	2.28050022640665	1.0	1.0	2.0	0.0	-17156.691734046482
185000	-18642.92644649063	-1558.9890953995528	-17083.937351091077	0.29656381193835507	0.2965638119383571	0.9052300493315473	2.3825520094658095	1.0	1.0	2.0	0.0	-17083.937351091077
186000	-18642.498479052723	-1560.1457094974903	-17082.352769555233	0.297106371956556	0.29710637195654743	0.4438346647410518	1.148706640776573	1.0	1.0	2.0	0.0	-17082.352769555233
187000	-18640.50862866194	-1578.1582978196261	-17062.350330842313	0.30077399324453363	0.30077399324453163	0.08637231596606618	0.240705761369911	1.0	1.0	2.0	0.0	-17062.350330842313
188000	-18639.179454116835	-1534.804894626359	-17104.374559490476	0.2925683250535445	0.29256832505354363	0.02731041941410509	0.07777568760447212	1.0	1.0	2.0	0.0	-17104.374559490476
189000	-18642.10143584668	-1538.0079974236237	-17104.093438423053	0.2926660186911502	0.2926660186911488	0.7164084572971549	2.078271614902186	1.0	1.0	2.0	0.0	-17104.093438423053
190000	-18642.01641130815	-1543.6035219542348	-17098.412889353913	0.29415576849213876	0.2941557684921422	0.15632616929481796	0.4032865244580277	1.0	1.0	2.0	0.0	-17098.412889353913
191000	-18640.217404381725	-1531.4801159904616	-17108.737288391265	0.29169958902164617	0.29169958902163917	0.3615257644637573	0.9851370604124708	1.0	1.0	2.0	0.0	-17108.737288391265
192000	-18639.966697874883	-1518.9349734008565	-17121.031724474025	0.28937818739533566	0.2893781873953341	0.26500865756804476	0.7385652751043238	1.0	1.0	2.0	0.0	-17121.031724474025
193000	-18641.12762990405	-1569.7761593532034	-17071.351470550846	0.299089036147279	0.29908903614727494	0.20839822453588602	0.5931416089403947	1.0	1.0	2.0	0.0	-17071.351470550846
194000	-18644.754090562394	-1519.7095134599479	-17125.044577102446	0.28898257019519813	0.2889825701951916	0.928348635406461	2.9292632259310203	1.0	1.0	2.0	0.0	-17125.044577102446
195000	-18640.305895211848	-1541.4730169013276	-17098.83287831052	0.2936775137922202	0.2936775137922171	0.24679641598277327	0.6961664303775336	1.0	1.0	2.0	0.0	-17098.83287831052
196000	-18640.471628305215	-1537.4148161514863	-17103.05681215373	0.2930547440254644	0.29305474402546655	0.04109574441160713	0.11713961048368221	1.0	1.0	2.0	0.0	-17103.05681215373
197000	-18641.00376762885	-1549.9864323150155	-17091.017335313834	0.2951762121114555	0.2951762121114484	0.42958988227358896	1.1491690646765793	1.0	1.0	2.0	0.0	-17091.017335313834
198000	-18648.419842220235	-1495.645592864368	-17152.77424935587	0.28358095395960164	0.28358095395960203	2.106387944563173	6.080120850982032	1.0	1.0	2.0	0.0	-17152.77424935587
199000	-18641.142054977947	-1539.6122593115263	-17101.52979566642	0.29308512300091105	0.2930851230009107	0.5803490607795752	1.6156479769443648	1.0	1.0	2.0	0.0	-17101.52979566642
200000	-18641.76296156673	-1488.8972600018926	-17152.865701564835	0.28355308643167126	0.2835530864316688	0.4057220088854058	1.1789360343812174	1.0	1.0	2.0	0.0	-17152.865701564835
201000	-18642.7277136689	-1472.33966933414	-17170.388044334763	0.2804678602832571	0.28046786028325427	0.30767237082695825	0.9365232715337601	1.0	1.0	2.0	0.0	-17170.388044334763
202000	-18641.98604807564	-1557.0209025403533	-17084.965145535287	0.2966211586052191	0.2966211586052178	0.25741932927550937	0.7607388627537419	1.0	1.0	2.0	0.0	-17084.965145535287
203000	-18646.74728224431	-1610.339557548914	-17036.407724695397	0.30591749946656466	0.3059174994665637	1.514347910766491	3.9583958633190988	1.0	1.0	2.0	0.0	-17036.407724695397
204000	-18639.65566626054	-1532.3353982112087	-17107.32026804933	0.29201368217219537	0.2920136821721823	0.14607984081697167	0.40489030519855784	1.0	1.0	2.0	0.0	-17107.32026804933
205000	-18640.27687424462	-1574.9612443994276	-17065.315629845194	0.30010526488371514	0.30010526488371464	0.17903698334115464	0.46600688582054695	1.0	1.0	2.0	0.0	-17065.315629845194
206000	-18641.33235435423	-1574.281174237557	-17067.051180116672	0.29981085723929807	0.2998108572392919	0.40055561262968775	1.11190600282384	1.0	1.0	2.0	0.0	-17067.051180116672
207000	-18642.68277588748	-1516.3250707028583	-17126.35770518462	0.2887230021930592	0.2887230021930583	0.5056754778404726	1.3318713850578425	1.0	1.0	2.0	0.0	-17126.35770518462
208000	-18641.040307281768	-1527.9259311074727	-17113.114376174297	0.2909561141729497	0.2909561141729493	0.45679853097110934	1.2436253112397333	1.0	1.0	2.0	0.0	-17113.114376174297
209000	-18642.907270003117	-1499.5302782811107	-17143.376991722005	0.28530625802842435	0.28530625802842413	0.7499192154360664	2.2524433315222345	1.0	1.0	2.0	0.0	-17143.376991722005
210000	-18642.02348006176	-1538.904934445128	-17103.118545616635	0.2932455035396976	0.29324550353969847	0.1826756856071401	0.46298587496902127	1.0	1.0	2.0	0.0	-17103.118545616635
211000	-18641.858182202686	-1556.9264635158434	-17084.931718686843	0.29644733384487	0.2964473338448651	0.4736256974592177	1.36376777440152	1.0	1.0	2.0	0.0	-17084.931718686843
212000	-18644.982652169914	-1523.2302087147982	-17121.752443455116	0.28995990276773875	0.289959902767734	0.6485703598398276	1.592547750010166	1.0	1.0	2.0	0.0	-17121.752443455116
213000	-18640.273468311287	-1507.2422845438743	-17133.031183767413	0.2872527259700112	0.2872527259700095	0.12757074410097063	0.35546981975297837	1.0	1.0	2.0	0.0	-17133.031183767413
214000	-18639.95351299163	-1537.7131259101966	-17102.240387081434	0.2929791620733176	0.2929791620733187	0.22225265530821672	0.6315750624726608	1.0	1.0	2.0	0.0	-17102.240387081434
215000	-18639.92465047195	-1558.714510728807	-17081.210139743143	0.2970352369007283	0.2970352369007193	0.15036438423472126	0.3848848092779166	1.0	1.0	2.0	0.0	-17081.210139743143
216000	-18642.707516568666	-1594.8954482901097	-17047.812068278556	0.3038699185268672	0.3038699185268629	0.23221592364405766	0.5590144084956717	1.0	1.0	2.0	0.0	-17047.812068278556
217000	-18642.20985731485	-1547.3685360661832	-17094.841321248667	0.29442385758520284	0.29442385758519796	0.7718501902554601	2.1436176764024646	1.0	1.0	2.0	0.0	-17094.841321248667
218000	-18643.53451361381	-1541.2655078388811	-17102.269005774928	0.29341980513905136	0.29341980513905463	0.5887102203718562	1.5013408151433465	1.0	1.0	2.0	0.0	-17102.269005774928
219000	-18642.048178666282	-1539.5539301713866	-17102.494248494895	0.29314493696966865	0.2931449369696627	0.47620126205504215	1.3470655646663305	1.0	1.0	2.0	0.0	-17102.494248494895
220000	-18642.0622394557	-1580.2310292727125	-17061.831210182987	0.300957218942057	0.30095721894205396	0.3991792509046722	1.037546319156721	1.0	1.0	2.0	0.0	-17061.831210182987
221000	-18641.613642369462	-1546.3745687527335	-17095.23907361673	0.29427776468385286	0.29427776468384775	0.7067793432719232	1.982630496070018	1.0	1.0	2.0	0.0	-17095.23907361673
222000	-18644.350895738724	-1604.2725060724151	-17040.07838966631	0.30557045968353275	0.30557045968353297	0.32356230979036155	0.906256008779447	1.0	1.0	2.0	0.0	-17040.07838966631
223000	-18640.381049707878	-1534.4136347801343	-17105.96741492774	0.29224042579677945	0.29224042579677684	0.3859380807523988	1.0514313743456951	1.0	1.0	2.0	0.0	-17105.96741492774
224000	-18640.840636199802	-1553.0668023712076	-17087.773833828596	0.2956706059801644	0.29567060598016615	0.5617568242225957	1.4986887804989732	1.0	1.0	2.0	0.0	-17087.773833828596
225000	-18639.68897867568	-1517.6826708608078	-17122.00630781487	0.28926404796031124	0.28926404796031197	0.09437126331274537	0.25685552532209927	1.0	1.0	2.0	0.0	-17122.00630781487
226000	-18641.581040548055	-1516.0050769724185	-17125.575963575637	0.2885515597825114	0.2885515597825144	0.6221634371656959	1.796549574105434	1.0	1.0	2.0	0.0	-17125.575963575637
227000	-18643.44767561455	-1496.6799470419587	-17146.76772857259	0.2847633675023622	0.2847633675023625	0.787414244128909	2.2182470196701187	1.0	1.0	2.0	0.0	-17146.76772857259
228000	-18640.51460523143	-1506.2939218498116	-17134.22068338162	0.2869899920791168	0.2869899920791161	0.23808291037582818	0.6776164493311249	1.0	1.0	2.0	0.0	-17134.22068338162
229000	-18641.69648179837	-1557.9616805816427	-17083.734801216728	0.29648918644678673	0.2964891864467813	0.7023529575174592	1.9502679216250127	1.0	1.0	2.0	0.0	-17083.734801216728
230000	-18639.65198335929	-1520.1316249433617	-17119.520358415928	0.2896674979980685	0.28966749799806757	0.17540954779524992	0.5041020966390388	1.0	1.0	2.0	0.0	-17119.520358415928
231000	-18641.414519831254	-1562.9243261308434	-17078.49019370041	0.29772716599258375	0.29772716599258003	0.31871132159722687	0.7893728294729646	1.0	1.0	2.0	0.0	-17078.49019370041
232000	-18640.608506343902	-1562.7075992513976	-17077.900907092506	0.2976297933687614	0.29762979336875967	0.37525433634963024	1.0279215878793466	1.0	1.0	2.0	0.0	-17077.900907092506
233000	-18642.504427208216	-1478.1125134223573	-17164.391913785857	0.28149886165013105	0.28149886165013244	0.4022886695550292	1.195407009429751	1.0	1.0	2.0	0.0	-17164.391913785857
234000	-18641.457807887906	-1553.1985195813388	-17088.259288306566	0.29576746245358204	0.29576746245357743	0.43900726985555233	1.2440488501272708	1.0	1.0	2.0	0.0	-17088.259288306566
235000	-18644.237486107835	-1536.826981370517	-17107.41050473732	0.2925954705189758	0.2925954705189679	0.4873244063097397	1.4971632389731337	1.0	1.0	2.0	0.0	-17107.41050473732
236000	-18640.865865987387	-1534.7359096999446	-17106.12995628744	0.292276214974299	0.29227621497429646	0.4219406660030856	1.149584333526505	1.0	1.0	2.0	0.0	-17106.12995628744
237000	-18641.25064993049	-1595.5390060854904	-17045.711643845	0.3040709157200328	0.30407091572002803	0.10971346958582257	0.2685823083805882	1.0	1.0	2.0	0.0	-17045.711643845
238000	-18642.628697371933	-1575.2677057133856	-17067.36099165855	0.29965858780249727	0.2996585878024961	0.9236534965510953	2.375710007577582	1.0	1.0	2.0	0.0	-17067.36099165855
239000	-18645.228379713753	-1470.4123113837638	-17174.81606832999	0.27990329841268236	0.27990329841268385	0.6077323673425516	1.676664885384728	1.0	1.0	2.0	0.0	-17174.81606832999
240000	-18640.542880867404	-1521.2595998139407	-17119.283281053464	0.28978342672432184	0.2897834267243213	0.3187366865554501	0.8793895934132983	1.0	1.0	2.0	0.0	-17119.283281053464
241000	-18646.730676860705	-1537.1042032802666	-17109.62647358044	0.291575246374034	0.29157524637402854	1.950389717357377	5.673945615873249	1.0	1.0	2.0	0.0	-17109.62647358044
242000	-18643.926231529396	-1542.3523356272747	-17101.573895902122	0.2935007581828173	0.29350075818281274	0.6782994467746118	2.0730648282620887	1.0	1.0	2.0	0.0	-17101.573895902122
243000	-18640.100078799296	-1530.4472818443082	-17109.652796954986	0.2915524600457851	0.29155246004578417	0.2975676128551642	0.7896186138635009	1.0	1.0	2.0	0.0	-17109.652796954986
244000	-18643.030214565933	-1603.5088118441643	-17039.52140272177	0.3054197756440757	0.3054197756440691	0.33701769839892043	0.9211387767268533	1.0	1.0	2.0	0.0	-17039.52140272177
245000	-18640.311168731492	-1550.959869723	-17089.351299008493	0.295610049479099	0.29561004947909486	0.0766627739745867	0.1951533548782869	1.0	1.0	2.0	0.0	-17089.351299008493
246000	-18641.464508243782	-1568.5184236044927	-17072.94608463929	0.2987853603939927	0.2987853603939939	0.3172454316806679	0.8227640303997773	1.0	1.0	2.0	0.0	-17072.94608463929
247000	-18641.42758784068	-1547.654515830647	-17093.773072010034	0.2947947578540552	0.2947947578540493	0.32237646983414453	0.9295056635859424	1.0	1.0	2.0	0.0	-17093.773072010034
248000	-18642.73254258337	-1587.04278300757	-17055.6897595758	0.30205418671348533	0.30205418671348083	0.6682121564937157	1.8143108922884366	1.0	1.0	2.0	0.0	-17055.6897595758
249000	-18644.39874340415	-1494.6328627928315	-17149.765880611318	0.2844670639035837	0.2844670639035803	0.6861102512071998	1.8299469567891824	1.0	1.0	2.0	0.0	-17149.765880611318
250000	-18641.21955279143	-1543.8303281819844	-17097.389224609447	0.2940917652868632	0.2940917652868593	0.31596804067261436	0.8068715246785553	1.0	1.0	2.0	0.0	-17097.389224609447
251000	-18641.259662419194	-1533.285541796518	-17107.974120622675	0.2918856849409209	0.2918856849409154	0.5689306904745801	1.60497769978249	1.0	1.0	2.0	0.0	-17107.974120622675
252000	-18645.33843042941	-1558.9253084119273	-17086.413122017482	0.29601225662548497	0.2960122566254881	1.6963470193558416	4.426786529889972	1.0	1.0	2.0	0.0	-17086.413122017482
253000	-18640.774459446486	-1528.778599914405	-17111.995859532082	0.29124412630173924	0.29124412630174085	0.2822638470377879	0.7569428821507493	1.0	1.0	2.0	0.0	-17111.995859532082
254000	-18640.63972166034	-1518.0567643579234	-17122.582957302417	0.2892300776333019	0.28923007763329983	0.24914533914866818	0.6547344664088326	1.0	1.0	2.0	0.0	-17122.582957302417
255000	-18642.567965743052	-1499.3198194759484	-17143.248146267102	0.2853721330590886	0.2853721330590801	0.6203188634794228	1.8253218936242894	1.0	1.0	2.0	0.0	-17143.248146267102
256000	-18641.65842111261	-1581.2849468075494	-17060.37347430506	0.30118759394692235	0.3011875939469229	0.34628388206930943	0.9334459782866519	1.0	1.0	2.0	0.0	-17060.37347430506
257000	-18640.850124172193	-1519.9242549167832	-17120.92586925541	0.2895178686427576	0.2895178686427535	0.32276372855648844	0.9358800427732449	1.0	1.0	2.0	0.0	-17120.92586925541
258000	-18643.303261417	-1511.458385675676	-17131.844875741324	0.2874753383758022	0.2874753383758023	0.9105949127259593	2.6184182195442314	1.0	1.0	2.0	0.0	-17131.844875741324
259000	-18641.323854726623	-1551.0545326413358	-17090.26932208529	0.29533463429800944	0.2953346342979996	0.48388645893862414	1.3302578322323317	1.0	1.0	2.0	0.0	-17090.26932208529
260000	-18640.480071228292	-1519.7537380008282	-17120.726333227463	0.2894693023347075	0.28946930233470136	0.3424377760856568	1.0009699369995058	1.0	1.0	2.0	0.0	-17120.726333227463
261000	-18640.262574379514	-1545.2907282840322	-17094.971846095483	0.29436086293778885	0.29436086293778835	0.32459129066990294	0.8441880479029434	1.0	1.0	2.0	0.0	-17094.971846095483
262000	-18646.083463771225	-1616.7968217051694	-17029.286642066058	0.3077675196585055	0.3077675196584991	0.6579957938559947	1.5478641264012516	1.0	1.0	2.0	0.0	-17029.286642066058
263000	-18642.10299366058	-1538.8147637241336	-17103.288229936446	0.29286704849379996	0.2928670484937976	0.7156239115679892	1.8291460533086503	1.0	1.0	2.0	0.0	-17103.288229936446
264000	-18644.64523384335	-1550.9942611180998	-17093.65097272525	0.29476151011498825	0.2947615101149897	1.2206951385947626	3.5456925572518636	1.0	1.0	2.0	0.0	-17093.65097272525
265000	-18643.55938145562	-1481.8718205505077	-17161.687560905113	0.2820863487337706	0.28208634873376437	0.5759379567672109	1.6930073188008385	1.0	1.0	2.0	0.0	-17161.687560905113
266000	-18641.773751375047	-1532.7027350134017	-17109.071016361646	0.291646269371766	0.29164626937176585	0.7348598254603773	2.1146873561337665	1.0	1.0	2.0	0.0	-17109.071016361646
267000	-18641.960805556908	-1571.2187469260473	-17070.74205863086	0.29918197787242473	0.29918197787242	0.4600670580871367	1.2955325400370137	1.0	1.0	2.0	0.0	-17070.74205863086
268000	-18645.235017189614	-1542.4258375670586	-17102.809179622556	0.29346407090218884	0.29346407090218635	0.8933051015522174	2.1244009443368572	1.0	1.0	2.0	0.0	-17102.809179622556
269000	-18639.55762737348	-1539.0349994747119	-17100.52262789877	0.2932241811155553	0.2932241811155542	0.23872237813024436	0.6490815784720688	1.0	1.0	2.0	0.0	-17100.52262789877
270000	-18641.202236619687	-1546.9281177087817	-17094.274118910904	0.2945484863351385	0.2945484863351376	0.5037728642490984	1.3161896469788785	1.0	1.0	2.0	0.0	-17094.274118910904
271000	-18641.758712894727	-1540.4878618090372	-17101.27085108569	0.29334148588784037	0.2933414858878379	0.49184496299590014	1.2322305893152872	1.0	1.0	2.0	0.0	-17101.27085108569
272000	-18639.96423260753	-1512.6950934343643	-17127.269139173164	0.28826891303785046	0.28826891303784713	0.15773366482206333	0.43668404293041696	1.0	1.0	2.0	0.0	-17127.269139173164
273000	-18640.859839737033	-1530.4320338294026	-17110.42780590763	0.2916552287854075	0.29165522878540395	0.14860512275163837	0.3831472963483201	1.0	1.0	2.0	0.0	-17110.42780590763
274000	-18643.280768689907	-1538.8739756288448	-17104.40679306106	0.29281976998336756	0.29281976998336856	0.70293956825271	2.1495531273480166	1.0	1.0	2.0	0.0	-17104.40679306106
275000	-18640.39968828358	-1523.881741289591	-17116.51794699399	0.29031723521726704	0.2903172352172651	0.26394217137059545	0.7504502878154966	1.0	1.0	2.0	0.0	-17116.51794699399
276000	-18641.573426095187	-1514.7889580362619	-17126.784468058926	0.28841209777983534	0.28841209777983334	0.5192893339057977	1.4163648011281031	1.0	1.0	2.0	0.0	-17126.784468058926
277000	-18640.993079541164	-1510.3341384732719	-17130.658941067893	0.28772830692135315	0.2877283069213519	0.2910961597385002	0.7839790966732759	1.0	1.0	2.0	0.0	-17130.658941067893
278000	-18643.41358240079	-1552.3543707488882	-17091.0592116519	0.29505325905591934	0.29505325905591073	1.2140825564848274	3.3788934131622104	1.0	1.0	2.0	0.0	-17091.0592116519
279000	-18642.54759323869	-1528.480359362656	-17114.067233876034	0.2909668011205036	0.29096680112050854	0.5392672821866075	1.6594107158173101	1.0	1.0	2.0	0.0	-17114.067233876034
280000	-18640.466841065656	-1576.1111586602942	-17064.355682405363	0.30025391037053584	0.3002539103705275	0.28396194337032454	0.7296746279901302	1.0	1.0	2.0	0.0	-17064.355682405363
281000	-18641.770854545226	-1603.479331216883	-17038.291523328342	0.3055051260686119	0.305505126068611	0.2192440276815348	0.5608089747437907	1.0	1.0	2.0	0.0	-17038.291523328342
282000	-18644.4693954945	-1600.6758688243483	-17043.79352667015	0.3048546785932228	0.3048546785932213	0.3733626164090973	1.0221410563916293	1.0	1.0	2.0	0.0	-17043.79352667015
283000	-18641.277413211978	-1578.3715757090342	-17062.90583750294	0.300548211836606	0.30054821183660174	0.46666610388898017	1.2604584342148193	1.0	1.0	2.0	0.0	-17062.90583750294
284000	-18641.138952226083	-1520.1066448956012	-17121.032307330483	0.2895167744154602	0.2895167744154534	0.3809472286797258	1.065838148196715	1.0	1.0	2.0	0.0	-17121.032307330483
285000	-18639.098728024568	-1534.5128383065676	-17104.585889718	0.2925044064417706	0.29250440644176434	0.03951389170137054	0.10949247938663317	1.0	1.0	2.0	0.0	-17104.585889718
286000	-18642.4604206029	-1554.047761474985	-17088.412659127916	0.295728214049938	0.29572821404993793	0.7352999205866028	2.003299476181985	1.0	1.0	2.0	0.0	-17088.412659127916
287000	-18642.608056789588	-1525.9401452748812	-17116.667911514705	0.29023924819294705	0.29023924819294616	0.9085616766204422	2.5741604462763243	1.0	1.0	2.0	0.0	-17116.667911514705
288000	-18644.44890133218	-1495.7830550954006	-17148.665846236778	0.28444951075788555	0.28444951075788677	0.9263054075129782	2.83220988014022	1.0	1.0	2.0	0.0	-17148.665846236778
289000	-18643.373063630876	-1534.137907583318	-17109.235156047558	0.2917909663072276	0.29179096630722695	0.9687780556212836	2.555367818646126	1.0	1.0	2.0	0.0	-17109.235156047558
290000	-18640.90952076937	-1534.3050693000928	-17106.60445146928	0.29232504696703154	0.2923250469670248	0.2508972403218832	0.6331107834962151	1.0	1.0	2.0	0.0	-17106.60445146928
291000	-18640.654049597568	-1504.9571887426412	-17135.696860854925	0.28684361265304786	0.2868436126530429	0.09197480213457383	0.25641324117120406	1.0	1.0	2.0	0.0	-17135.696860854925
292000	-18640.904936892297	-1585.8354578918954	-17055.0694790004	0.3021619408982576	0.3021619408982583	0.19635066718835817	0.5124627823068031	1.0	1.0	2.0	0.0	-17055.0694790004
293000	-18640.462748992933	-1533.3895963761277	-17107.073152616806	0.2923071316111672	0.2923071316111638	0.01700712748463689	0.04569681255067854	1.0	1.0	2.0	0.0	-17107.073152616806
294000	-18639.828110737635	-1532.3835480729738	-17107.444562664663	0.2920564185981278	0.2920564185981219	0.09447896854648483	0.28000464605385084	1.0	1.0	2.0	0.0	-17107.444562664663
295000	-18644.75561271691	-1567.2959038565625	-17077.459708860344	0.298022426039491	0.29802242603948226	1.1292481002434882	2.7984419633097217	1.0	1.0	2.0	0.0	-17077.459708860344
296000	-18641.021843061386	-1511.3291301223178	-17129.692712939068	0.2878827415012888	0.2878827415012879	0.32779076282008	0.9305144586781555	1.0	1.0	2.0	0.0	-17129.692712939068
297000	-18649.07505521943	-1545.4726455726702	-17103.60240964676	0.29307808084461623	0.2930780808446098	1.9976726453480205	6.095726447793198	1.0	1.0	2.0	0.0	-17103.60240964676
298000	-18641.735352983913	-1565.49027893383	-17076.245074050083	0.2981142633894065	0.298114263389408	0.42233069981607274	1.2170109895743622	1.0	1.0	2.0	0.0	-17076.245074050083
299000	-18639.738979874488	-1553.7842272200483	-17085.95475265444	0.2960746648711262	0.29607466487112644	0.17828828105719466	0.4757277215903285	1.0	1.0	2.0	0.0	-17085.95475265444
300000	-18642.33263778691	-1569.0454554397932	-17073.287182347114	0.29879785710504564	0.2987978571050405	0.4689824929621578	1.1323725576313328	1.0	1.0	2.0	0.0	-17073.287182347114
